#
# A fatal error has been detected by the Java Runtime Environment:
#
#  SIGSEGV (0xb) at pc=0x000000010a31a5fa, pid=50375, tid=6403
#
# JRE version: Java(TM) SE Runtime Environment (9.0+11) (build 9.0.4+11)
# Java VM: Java HotSpot(TM) 64-Bit Server VM (9.0.4+11, mixed mode, tiered, compressed oops, g1 gc, bsd-amd64)
# Problematic frame:
# V  [libjvm.dylib+0x3e25fa]  jni_GetStringUTFChars+0x95
#
# No core dump will be written. Core dumps have been disabled. To enable core dumping, try "ulimit -c unlimited" before starting Java again
#
# If you would like to submit a bug report, please visit:
#   http://bugreport.java.com/bugreport/crash.jsp
#

---------------  S U M M A R Y ------------

Command Line: -Dfile.encoding=UTF-8 org.apache.catalina.startup.Tomcat$1

Host: MacBookPro14,2 x86_64 3100 MHz, 4 cores, 8G, Darwin 18.6.0
Time: Thu Jun 20 15:29:29 2019 CST elapsed time: 0 seconds (0d 0h 0m 0s)

---------------  T H R E A D  ---------------

Current thread (0x00007f7ff680f000):  JavaThread "main" [_thread_in_vm, id=6403, stack(0x000070000df04000,0x000070000e004000)]

Stack: [0x000070000df04000,0x000070000e004000],  sp=0x000070000e003d50,  free space=1023k
Native frames: (J=compiled Java code, A=aot compiled Java code, j=interpreted, Vv=VM code, C=native code)
V  [libjvm.dylib+0x3e25fa]  jni_GetStringUTFChars+0x95
C  [java+0x7613]  PostJVMInit+0xb0
C  [java+0x4d58]  JavaMain+0xaeb
C  [libsystem_pthread.dylib+0x32eb]  _pthread_body+0x7e
C  [libsystem_pthread.dylib+0x6249]  _pthread_start+0x42
C  [libsystem_pthread.dylib+0x240d]  thread_start+0xd
C  0x0000000000000000


siginfo: si_signo: 11 (SIGSEGV), si_code: 1 (SEGV_MAPERR), si_addr: 0x0000000000000000

Register to memory mapping:

RAX=0x000000010a87e900: _ZN22ResourceContextFactory6_mutexE+0 in /Users/shengfan/Downloads/SE001/Eclipse.app/Contents/JAVA/Contents/Home/lib/server/libjvm.dylib at 0x0000000109f38000
RBX=0x00007f7ff680f000 is a thread
RCX=0x000000010a87cea0: _ZN2os16_processor_countE+0 in /Users/shengfan/Downloads/SE001/Eclipse.app/Contents/JAVA/Contents/Home/lib/server/libjvm.dylib at 0x0000000109f38000
RDX=0x0000000000000000 is an unknown value
RSP=0x000070000e003d50 is pointing into the stack for thread: 0x00007f7ff680f000
RBP=0x000070000e003de0 is pointing into the stack for thread: 0x00007f7ff680f000
RSI=0x0000000000000000 is an unknown value
RDI=0x00007f7ff680f218 is an unknown value
R8 =0x00007f7ff6732e30 is an unknown value
R9 =0x0000000000000000 is an unknown value
R10=0x000000010a884150: _ZN19TemplateInterpreter13_active_tableE+0x4000 in /Users/shengfan/Downloads/SE001/Eclipse.app/Contents/JAVA/Contents/Home/lib/server/libjvm.dylib at 0x0000000109f38000
R11=0x0000000000000000 is an unknown value
R12=0x00007f7ff680f218 is an unknown value
R13=0x1c6c6c810ca500dd is an unknown value
R14=0x0000000000000000 is an unknown value
R15=0x0000000000000000 is an unknown value


Registers:
RAX=0x000000010a87e900, RBX=0x00007f7ff680f000, RCX=0x000000010a87cea0, RDX=0x0000000000000000
RSP=0x000070000e003d50, RBP=0x000070000e003de0, RSI=0x0000000000000000, RDI=0x00007f7ff680f218
R8 =0x00007f7ff6732e30, R9 =0x0000000000000000, R10=0x000000010a884150, R11=0x0000000000000000
R12=0x00007f7ff680f218, R13=0x1c6c6c810ca500dd, R14=0x0000000000000000, R15=0x0000000000000000
RIP=0x000000010a31a5fa, EFLAGS=0x0000000000010246, ERR=0x0000000000000004
  TRAPNO=0x000000000000000e

Top of Stack: (sp=0x000070000e003d50)
0x000070000e003d50:   000070000000000c 0000000000000000
0x000070000e003d60:   00007f7ff680f000 0000000000000000
0x000070000e003d70:   000070000e003de0 000000010a30e43a
0x000070000e003d80:   000070000e003d90 00007f7ff680f000
0x000070000e003d90:   0000000000000000 000000010a64d9ed
0x000070000e003da0:   0000000000000000 00007f7ff680f000
0x000070000e003db0:   00007f7ff680f000 00007f7ff680f218
0x000070000e003dc0:   00007f7ff650b298 1c6c6c810ca500dd
0x000070000e003dd0:   0000000000000000 00007f7ff650b2a0
0x000070000e003de0:   000070000e003e70 0000000109f10613
0x000070000e003df0:   000070000e003e30 000000010a30cce1
0x000070000e003e00:   000070000e003e10 000000010a64da59
0x000070000e003e10:   000070000e003e30 000000010a64d9ed
0x000070000e003e20:   0000000000000000 00007f7ff680f218
0x000070000e003e30:   000070000e003e70 000000010a30cce1
0x000070000e003e40:   1c6c6c810ca500dd 00007f7ff680f218
0x000070000e003e50:   00007f7ff650b298 0000000000000000
0x000070000e003e60:   00007f7ff650b2b0 00007f7ff650b2a0
0x000070000e003e70:   000070000e003f10 0000000109f0dd58
0x000070000e003e80:   0000000000000000 0000000000000000
0x000070000e003e90:   0000000000000000 0000000000000000
0x000070000e003ea0:   00007f7ff6500368 0000000000000000
0x000070000e003eb0:   0000000000000001 00007f7ff65002c0
0x000070000e003ec0:   00007f7ff680f218 000000010a8310c8
0x000070000e003ed0:   0000000400010002 00007f7ff6500370
0x000070000e003ee0:   0000000000000000 000070000e004000
0x000070000e003ef0:   0000000000000000 0000000000000000
0x000070000e003f00:   0000000000000000 0000000000000000
0x000070000e003f10:   000070000e003f30 00007fff5e9c92eb
0x000070000e003f20:   0000000000000000 000070000e004000
0x000070000e003f30:   000070000e003f50 00007fff5e9cc249
0x000070000e003f40:   0000000000000000 0000000000000000 

Instructions: (pc=0x000000010a31a5fa)
0x000000010a31a5da:   89 e7 4c 89 fe 4c 89 f2 90 0f 1f 40 00 41 f6 c7
0x000000010a31a5ea:   01 74 0d 4c 89 ff e8 47 b6 02 00 49 89 c7 eb 03
0x000000010a31a5fa:   4d 8b 3f 4c 89 b5 78 ff ff ff 48 8d 05 cd e3 54
0x000000010a31a60a:   00 48 8d 0d 06 df 54 00 80 39 00 48 63 00 74 1e 


---------------  P R O C E S S  ---------------

Java Threads: ( => current thread )
  0x00007f7ff707e800 JavaThread "Service Thread" daemon [_thread_blocked, id=41987, stack(0x000070000f443000,0x000070000f543000)]
  0x00007f7ff7865000 JavaThread "Common-Cleaner" daemon [_thread_blocked, id=42499, stack(0x000070000f340000,0x000070000f440000)]
  0x00007f7ff7054000 JavaThread "Sweeper thread" daemon [_thread_blocked, id=22787, stack(0x000070000f23d000,0x000070000f33d000)]
  0x00007f7ff7053000 JavaThread "C1 CompilerThread2" daemon [_thread_blocked, id=43011, stack(0x000070000f13a000,0x000070000f23a000)]
  0x00007f7ff7052000 JavaThread "C2 CompilerThread1" daemon [_thread_blocked, id=43267, stack(0x000070000f037000,0x000070000f137000)]
  0x00007f7ff6849800 JavaThread "C2 CompilerThread0" daemon [_thread_blocked, id=21763, stack(0x000070000ef34000,0x000070000f034000)]
  0x00007f7ff6848000 JavaThread "Signal Dispatcher" daemon [_thread_blocked, id=16131, stack(0x000070000ee31000,0x000070000ef31000)]
  0x00007f7ff6846000 JavaThread "Finalizer" daemon [_thread_blocked, id=18179, stack(0x000070000ed2e000,0x000070000ee2e000)]
  0x00007f7ff7039800 JavaThread "Reference Handler" daemon [_thread_blocked, id=18691, stack(0x000070000ec2b000,0x000070000ed2b000)]
=>0x00007f7ff680f000 JavaThread "main" [_thread_in_vm, id=6403, stack(0x000070000df04000,0x000070000e004000)]

Other Threads:
  0x00007f7ff6841800 VMThread "VM Thread" [stack: 0x000070000eb28000,0x000070000ec28000] [id=14851]
  0x00007f7ff7879800 WatcherThread [stack: 0x000070000f546000,0x000070000f646000] [id=41475]
  0x00007f7ff7005000 GCTaskThread "GC Thread#0" [stack: 0x000070000e007000,0x000070000e107000] [id=21251]
  0x00007f7ff700c800 GCTaskThread "GC Thread#1" [stack: 0x000070000e10a000,0x000070000e20a000] [id=11267]
  0x00007f7ff700d000 GCTaskThread "GC Thread#2" [stack: 0x000070000e20d000,0x000070000e30d000] [id=11779]
  0x00007f7ff700d800 GCTaskThread "GC Thread#3" [stack: 0x000070000e310000,0x000070000e410000] [id=20739]
  0x00007f7ff7818000 ConcurrentGCThread "G1 Main Marker" [stack: 0x000070000e922000,0x000070000ea22000] [id=19715]
  0x00007f7ff7819000 ConcurrentGCThread "G1 Marker#0" [stack: 0x000070000ea25000,0x000070000eb25000] [id=14595]
  0x00007f7ff7802800 ConcurrentGCThread "G1 Refine#0" [stack: 0x000070000e71c000,0x000070000e81c000] [id=13315]
  0x00007f7ff7801800 ConcurrentGCThread "G1 Refine#1" [stack: 0x000070000e619000,0x000070000e719000] [id=20227]
  0x00007f7ff7801000 ConcurrentGCThread "G1 Refine#2" [stack: 0x000070000e516000,0x000070000e616000] [id=12803]
  0x00007f7ff7800000 ConcurrentGCThread "G1 Refine#3" [stack: 0x000070000e413000,0x000070000e513000] [id=12291]
  0x00007f7ff7803000 ConcurrentGCThread "G1 Young RemSet Sampling" [stack: 0x000070000e81f000,0x000070000e91f000] [id=13571]

Threads with active compile tasks:

VM state:not at safepoint (normal execution)

VM Mutex/Monitor currently owned by a thread: None

Heap address: 0x0000000740000000, size: 2048 MB, Compressed Oops mode: Zero based, Oop shift amount: 3
Narrow klass base: 0x0000000000000000, Narrow klass shift: 3
Compressed class space size: 1073741824 Address: 0x00000007c0000000

Heap:
 garbage-first heap   total 131072K, used 3072K [0x0000000740000000, 0x0000000740100400, 0x00000007c0000000)
  region size 1024K, 4 young (4096K), 0 survivors (0K)
 Metaspace       used 6144K, capacity 6246K, committed 6528K, reserved 1056768K
  class space    used 525K, capacity 570K, committed 640K, reserved 1048576K
Heap Regions: E=young(eden), S=young(survivor), O=old, HS=humongous(starts), HC=humongous(continues), CS=collection set, F=free, A=archive, TS=gc time stamp, AC=allocation context, TAMS=top-at-mark-start (previous, next)
|   0|0x0000000740000000, 0x0000000740000000, 0x0000000740100000|  0%| F|  |TS  0|AC  0|TAMS 0x0000000740000000, 0x0000000740000000|
|   1|0x0000000740100000, 0x0000000740100000, 0x0000000740200000|  0%| F|  |TS  0|AC  0|TAMS 0x0000000740100000, 0x0000000740100000|
|   2|0x0000000740200000, 0x0000000740200000, 0x0000000740300000|  0%| F|  |TS  0|AC  0|TAMS 0x0000000740200000, 0x0000000740200000|
|   3|0x0000000740300000, 0x0000000740300000, 0x0000000740400000|  0%| F|  |TS  0|AC  0|TAMS 0x0000000740300000, 0x0000000740300000|
|   4|0x0000000740400000, 0x0000000740400000, 0x0000000740500000|  0%| F|  |TS  0|AC  0|TAMS 0x0000000740400000, 0x0000000740400000|
|   5|0x0000000740500000, 0x0000000740500000, 0x0000000740600000|  0%| F|  |TS  0|AC  0|TAMS 0x0000000740500000, 0x0000000740500000|
|   6|0x0000000740600000, 0x0000000740600000, 0x0000000740700000|  0%| F|  |TS  0|AC  0|TAMS 0x0000000740600000, 0x0000000740600000|
|   7|0x0000000740700000, 0x0000000740700000, 0x0000000740800000|  0%| F|  |TS  0|AC  0|TAMS 0x0000000740700000, 0x0000000740700000|
|   8|0x0000000740800000, 0x0000000740800000, 0x0000000740900000|  0%| F|  |TS  0|AC  0|TAMS 0x0000000740800000, 0x0000000740800000|
|   9|0x0000000740900000, 0x0000000740900000, 0x0000000740a00000|  0%| F|  |TS  0|AC  0|TAMS 0x0000000740900000, 0x0000000740900000|
|  10|0x0000000740a00000, 0x0000000740a00000, 0x0000000740b00000|  0%| F|  |TS  0|AC  0|TAMS 0x0000000740a00000, 0x0000000740a00000|
|  11|0x0000000740b00000, 0x0000000740b00000, 0x0000000740c00000|  0%| F|  |TS  0|AC  0|TAMS 0x0000000740b00000, 0x0000000740b00000|
|  12|0x0000000740c00000, 0x0000000740c00000, 0x0000000740d00000|  0%| F|  |TS  0|AC  0|TAMS 0x0000000740c00000, 0x0000000740c00000|
|  13|0x0000000740d00000, 0x0000000740d00000, 0x0000000740e00000|  0%| F|  |TS  0|AC  0|TAMS 0x0000000740d00000, 0x0000000740d00000|
|  14|0x0000000740e00000, 0x0000000740e00000, 0x0000000740f00000|  0%| F|  |TS  0|AC  0|TAMS 0x0000000740e00000, 0x0000000740e00000|
|  15|0x0000000740f00000, 0x0000000740f00000, 0x0000000741000000|  0%| F|  |TS  0|AC  0|TAMS 0x0000000740f00000, 0x0000000740f00000|
|  16|0x0000000741000000, 0x0000000741000000, 0x0000000741100000|  0%| F|  |TS  0|AC  0|TAMS 0x0000000741000000, 0x0000000741000000|
|  17|0x0000000741100000, 0x0000000741100000, 0x0000000741200000|  0%| F|  |TS  0|AC  0|TAMS 0x0000000741100000, 0x0000000741100000|
|  18|0x0000000741200000, 0x0000000741200000, 0x0000000741300000|  0%| F|  |TS  0|AC  0|TAMS 0x0000000741200000, 0x0000000741200000|
|  19|0x0000000741300000, 0x0000000741300000, 0x0000000741400000|  0%| F|  |TS  0|AC  0|TAMS 0x0000000741300000, 0x0000000741300000|
|  20|0x0000000741400000, 0x0000000741400000, 0x0000000741500000|  0%| F|  |TS  0|AC  0|TAMS 0x0000000741400000, 0x0000000741400000|
|  21|0x0000000741500000, 0x0000000741500000, 0x0000000741600000|  0%| F|  |TS  0|AC  0|TAMS 0x0000000741500000, 0x0000000741500000|
|  22|0x0000000741600000, 0x0000000741600000, 0x0000000741700000|  0%| F|  |TS  0|AC  0|TAMS 0x0000000741600000, 0x0000000741600000|
|  23|0x0000000741700000, 0x0000000741700000, 0x0000000741800000|  0%| F|  |TS  0|AC  0|TAMS 0x0000000741700000, 0x0000000741700000|
|  24|0x0000000741800000, 0x0000000741800000, 0x0000000741900000|  0%| F|  |TS  0|AC  0|TAMS 0x0000000741800000, 0x0000000741800000|
|  25|0x0000000741900000, 0x0000000741900000, 0x0000000741a00000|  0%| F|  |TS  0|AC  0|TAMS 0x0000000741900000, 0x0000000741900000|
|  26|0x0000000741a00000, 0x0000000741a00000, 0x0000000741b00000|  0%| F|  |TS  0|AC  0|TAMS 0x0000000741a00000, 0x0000000741a00000|
|  27|0x0000000741b00000, 0x0000000741b00000, 0x0000000741c00000|  0%| F|  |TS  0|AC  0|TAMS 0x0000000741b00000, 0x0000000741b00000|
|  28|0x0000000741c00000, 0x0000000741c00000, 0x0000000741d00000|  0%| F|  |TS  0|AC  0|TAMS 0x0000000741c00000, 0x0000000741c00000|
|  29|0x0000000741d00000, 0x0000000741d00000, 0x0000000741e00000|  0%| F|  |TS  0|AC  0|TAMS 0x0000000741d00000, 0x0000000741d00000|
|  30|0x0000000741e00000, 0x0000000741e00000, 0x0000000741f00000|  0%| F|  |TS  0|AC  0|TAMS 0x0000000741e00000, 0x0000000741e00000|
|  31|0x0000000741f00000, 0x0000000741f00000, 0x0000000742000000|  0%| F|  |TS  0|AC  0|TAMS 0x0000000741f00000, 0x0000000741f00000|
|  32|0x0000000742000000, 0x0000000742000000, 0x0000000742100000|  0%| F|  |TS  0|AC  0|TAMS 0x0000000742000000, 0x0000000742000000|
|  33|0x0000000742100000, 0x0000000742100000, 0x0000000742200000|  0%| F|  |TS  0|AC  0|TAMS 0x0000000742100000, 0x0000000742100000|
|  34|0x0000000742200000, 0x0000000742200000, 0x0000000742300000|  0%| F|  |TS  0|AC  0|TAMS 0x0000000742200000, 0x0000000742200000|
|  35|0x0000000742300000, 0x0000000742300000, 0x0000000742400000|  0%| F|  |TS  0|AC  0|TAMS 0x0000000742300000, 0x0000000742300000|
|  36|0x0000000742400000, 0x0000000742400000, 0x0000000742500000|  0%| F|  |TS  0|AC  0|TAMS 0x0000000742400000, 0x0000000742400000|
|  37|0x0000000742500000, 0x0000000742500000, 0x0000000742600000|  0%| F|  |TS  0|AC  0|TAMS 0x0000000742500000, 0x0000000742500000|
|  38|0x0000000742600000, 0x0000000742600000, 0x0000000742700000|  0%| F|  |TS  0|AC  0|TAMS 0x0000000742600000, 0x0000000742600000|
|  39|0x0000000742700000, 0x0000000742700000, 0x0000000742800000|  0%| F|  |TS  0|AC  0|TAMS 0x0000000742700000, 0x0000000742700000|
|  40|0x0000000742800000, 0x0000000742800000, 0x0000000742900000|  0%| F|  |TS  0|AC  0|TAMS 0x0000000742800000, 0x0000000742800000|
|  41|0x0000000742900000, 0x0000000742900000, 0x0000000742a00000|  0%| F|  |TS  0|AC  0|TAMS 0x0000000742900000, 0x0000000742900000|
|  42|0x0000000742a00000, 0x0000000742a00000, 0x0000000742b00000|  0%| F|  |TS  0|AC  0|TAMS 0x0000000742a00000, 0x0000000742a00000|
|  43|0x0000000742b00000, 0x0000000742b00000, 0x0000000742c00000|  0%| F|  |TS  0|AC  0|TAMS 0x0000000742b00000, 0x0000000742b00000|
|  44|0x0000000742c00000, 0x0000000742c00000, 0x0000000742d00000|  0%| F|  |TS  0|AC  0|TAMS 0x0000000742c00000, 0x0000000742c00000|
|  45|0x0000000742d00000, 0x0000000742d00000, 0x0000000742e00000|  0%| F|  |TS  0|AC  0|TAMS 0x0000000742d00000, 0x0000000742d00000|
|  46|0x0000000742e00000, 0x0000000742e00000, 0x0000000742f00000|  0%| F|  |TS  0|AC  0|TAMS 0x0000000742e00000, 0x0000000742e00000|
|  47|0x0000000742f00000, 0x0000000742f00000, 0x0000000743000000|  0%| F|  |TS  0|AC  0|TAMS 0x0000000742f00000, 0x0000000742f00000|
|  48|0x0000000743000000, 0x0000000743000000, 0x0000000743100000|  0%| F|  |TS  0|AC  0|TAMS 0x0000000743000000, 0x0000000743000000|
|  49|0x0000000743100000, 0x0000000743100000, 0x0000000743200000|  0%| F|  |TS  0|AC  0|TAMS 0x0000000743100000, 0x0000000743100000|
|  50|0x0000000743200000, 0x0000000743200000, 0x0000000743300000|  0%| F|  |TS  0|AC  0|TAMS 0x0000000743200000, 0x0000000743200000|
|  51|0x0000000743300000, 0x0000000743300000, 0x0000000743400000|  0%| F|  |TS  0|AC  0|TAMS 0x0000000743300000, 0x0000000743300000|
|  52|0x0000000743400000, 0x0000000743400000, 0x0000000743500000|  0%| F|  |TS  0|AC  0|TAMS 0x0000000743400000, 0x0000000743400000|
|  53|0x0000000743500000, 0x0000000743500000, 0x0000000743600000|  0%| F|  |TS  0|AC  0|TAMS 0x0000000743500000, 0x0000000743500000|
|  54|0x0000000743600000, 0x0000000743600000, 0x0000000743700000|  0%| F|  |TS  0|AC  0|TAMS 0x0000000743600000, 0x0000000743600000|
|  55|0x0000000743700000, 0x0000000743700000, 0x0000000743800000|  0%| F|  |TS  0|AC  0|TAMS 0x0000000743700000, 0x0000000743700000|
|  56|0x0000000743800000, 0x0000000743800000, 0x0000000743900000|  0%| F|  |TS  0|AC  0|TAMS 0x0000000743800000, 0x0000000743800000|
|  57|0x0000000743900000, 0x0000000743900000, 0x0000000743a00000|  0%| F|  |TS  0|AC  0|TAMS 0x0000000743900000, 0x0000000743900000|
|  58|0x0000000743a00000, 0x0000000743a00000, 0x0000000743b00000|  0%| F|  |TS  0|AC  0|TAMS 0x0000000743a00000, 0x0000000743a00000|
|  59|0x0000000743b00000, 0x0000000743b00000, 0x0000000743c00000|  0%| F|  |TS  0|AC  0|TAMS 0x0000000743b00000, 0x0000000743b00000|
|  60|0x0000000743c00000, 0x0000000743c00000, 0x0000000743d00000|  0%| F|  |TS  0|AC  0|TAMS 0x0000000743c00000, 0x0000000743c00000|
|  61|0x0000000743d00000, 0x0000000743d00000, 0x0000000743e00000|  0%| F|  |TS  0|AC  0|TAMS 0x0000000743d00000, 0x0000000743d00000|
|  62|0x0000000743e00000, 0x0000000743e00000, 0x0000000743f00000|  0%| F|  |TS  0|AC  0|TAMS 0x0000000743e00000, 0x0000000743e00000|
|  63|0x0000000743f00000, 0x0000000743f00000, 0x0000000744000000|  0%| F|  |TS  0|AC  0|TAMS 0x0000000743f00000, 0x0000000743f00000|
|  64|0x0000000744000000, 0x0000000744000000, 0x0000000744100000|  0%| F|  |TS  0|AC  0|TAMS 0x0000000744000000, 0x0000000744000000|
|  65|0x0000000744100000, 0x0000000744100000, 0x0000000744200000|  0%| F|  |TS  0|AC  0|TAMS 0x0000000744100000, 0x0000000744100000|
|  66|0x0000000744200000, 0x0000000744200000, 0x0000000744300000|  0%| F|  |TS  0|AC  0|TAMS 0x0000000744200000, 0x0000000744200000|
|  67|0x0000000744300000, 0x0000000744300000, 0x0000000744400000|  0%| F|  |TS  0|AC  0|TAMS 0x0000000744300000, 0x0000000744300000|
|  68|0x0000000744400000, 0x0000000744400000, 0x0000000744500000|  0%| F|  |TS  0|AC  0|TAMS 0x0000000744400000, 0x0000000744400000|
|  69|0x0000000744500000, 0x0000000744500000, 0x0000000744600000|  0%| F|  |TS  0|AC  0|TAMS 0x0000000744500000, 0x0000000744500000|
|  70|0x0000000744600000, 0x0000000744600000, 0x0000000744700000|  0%| F|  |TS  0|AC  0|TAMS 0x0000000744600000, 0x0000000744600000|
|  71|0x0000000744700000, 0x0000000744700000, 0x0000000744800000|  0%| F|  |TS  0|AC  0|TAMS 0x0000000744700000, 0x0000000744700000|
|  72|0x0000000744800000, 0x0000000744800000, 0x0000000744900000|  0%| F|  |TS  0|AC  0|TAMS 0x0000000744800000, 0x0000000744800000|
|  73|0x0000000744900000, 0x0000000744900000, 0x0000000744a00000|  0%| F|  |TS  0|AC  0|TAMS 0x0000000744900000, 0x0000000744900000|
|  74|0x0000000744a00000, 0x0000000744a00000, 0x0000000744b00000|  0%| F|  |TS  0|AC  0|TAMS 0x0000000744a00000, 0x0000000744a00000|
|  75|0x0000000744b00000, 0x0000000744b00000, 0x0000000744c00000|  0%| F|  |TS  0|AC  0|TAMS 0x0000000744b00000, 0x0000000744b00000|
|  76|0x0000000744c00000, 0x0000000744c00000, 0x0000000744d00000|  0%| F|  |TS  0|AC  0|TAMS 0x0000000744c00000, 0x0000000744c00000|
|  77|0x0000000744d00000, 0x0000000744d00000, 0x0000000744e00000|  0%| F|  |TS  0|AC  0|TAMS 0x0000000744d00000, 0x0000000744d00000|
|  78|0x0000000744e00000, 0x0000000744e00000, 0x0000000744f00000|  0%| F|  |TS  0|AC  0|TAMS 0x0000000744e00000, 0x0000000744e00000|
|  79|0x0000000744f00000, 0x0000000744f00000, 0x0000000745000000|  0%| F|  |TS  0|AC  0|TAMS 0x0000000744f00000, 0x0000000744f00000|
|  80|0x0000000745000000, 0x0000000745000000, 0x0000000745100000|  0%| F|  |TS  0|AC  0|TAMS 0x0000000745000000, 0x0000000745000000|
|  81|0x0000000745100000, 0x0000000745100000, 0x0000000745200000|  0%| F|  |TS  0|AC  0|TAMS 0x0000000745100000, 0x0000000745100000|
|  82|0x0000000745200000, 0x0000000745200000, 0x0000000745300000|  0%| F|  |TS  0|AC  0|TAMS 0x0000000745200000, 0x0000000745200000|
|  83|0x0000000745300000, 0x0000000745300000, 0x0000000745400000|  0%| F|  |TS  0|AC  0|TAMS 0x0000000745300000, 0x0000000745300000|
|  84|0x0000000745400000, 0x0000000745400000, 0x0000000745500000|  0%| F|  |TS  0|AC  0|TAMS 0x0000000745400000, 0x0000000745400000|
|  85|0x0000000745500000, 0x0000000745500000, 0x0000000745600000|  0%| F|  |TS  0|AC  0|TAMS 0x0000000745500000, 0x0000000745500000|
|  86|0x0000000745600000, 0x0000000745600000, 0x0000000745700000|  0%| F|  |TS  0|AC  0|TAMS 0x0000000745600000, 0x0000000745600000|
|  87|0x0000000745700000, 0x0000000745700000, 0x0000000745800000|  0%| F|  |TS  0|AC  0|TAMS 0x0000000745700000, 0x0000000745700000|
|  88|0x0000000745800000, 0x0000000745800000, 0x0000000745900000|  0%| F|  |TS  0|AC  0|TAMS 0x0000000745800000, 0x0000000745800000|
|  89|0x0000000745900000, 0x0000000745900000, 0x0000000745a00000|  0%| F|  |TS  0|AC  0|TAMS 0x0000000745900000, 0x0000000745900000|
|  90|0x0000000745a00000, 0x0000000745a00000, 0x0000000745b00000|  0%| F|  |TS  0|AC  0|TAMS 0x0000000745a00000, 0x0000000745a00000|
|  91|0x0000000745b00000, 0x0000000745b00000, 0x0000000745c00000|  0%| F|  |TS  0|AC  0|TAMS 0x0000000745b00000, 0x0000000745b00000|
|  92|0x0000000745c00000, 0x0000000745c00000, 0x0000000745d00000|  0%| F|  |TS  0|AC  0|TAMS 0x0000000745c00000, 0x0000000745c00000|
|  93|0x0000000745d00000, 0x0000000745d00000, 0x0000000745e00000|  0%| F|  |TS  0|AC  0|TAMS 0x0000000745d00000, 0x0000000745d00000|
|  94|0x0000000745e00000, 0x0000000745e00000, 0x0000000745f00000|  0%| F|  |TS  0|AC  0|TAMS 0x0000000745e00000, 0x0000000745e00000|
|  95|0x0000000745f00000, 0x0000000745f00000, 0x0000000746000000|  0%| F|  |TS  0|AC  0|TAMS 0x0000000745f00000, 0x0000000745f00000|
|  96|0x0000000746000000, 0x0000000746000000, 0x0000000746100000|  0%| F|  |TS  0|AC  0|TAMS 0x0000000746000000, 0x0000000746000000|
|  97|0x0000000746100000, 0x0000000746100000, 0x0000000746200000|  0%| F|  |TS  0|AC  0|TAMS 0x0000000746100000, 0x0000000746100000|
|  98|0x0000000746200000, 0x0000000746200000, 0x0000000746300000|  0%| F|  |TS  0|AC  0|TAMS 0x0000000746200000, 0x0000000746200000|
|  99|0x0000000746300000, 0x0000000746300000, 0x0000000746400000|  0%| F|  |TS  0|AC  0|TAMS 0x0000000746300000, 0x0000000746300000|
| 100|0x0000000746400000, 0x0000000746400000, 0x0000000746500000|  0%| F|  |TS  0|AC  0|TAMS 0x0000000746400000, 0x0000000746400000|
| 101|0x0000000746500000, 0x0000000746500000, 0x0000000746600000|  0%| F|  |TS  0|AC  0|TAMS 0x0000000746500000, 0x0000000746500000|
| 102|0x0000000746600000, 0x0000000746600000, 0x0000000746700000|  0%| F|  |TS  0|AC  0|TAMS 0x0000000746600000, 0x0000000746600000|
| 103|0x0000000746700000, 0x0000000746700000, 0x0000000746800000|  0%| F|  |TS  0|AC  0|TAMS 0x0000000746700000, 0x0000000746700000|
| 104|0x0000000746800000, 0x0000000746800000, 0x0000000746900000|  0%| F|  |TS  0|AC  0|TAMS 0x0000000746800000, 0x0000000746800000|
| 105|0x0000000746900000, 0x0000000746900000, 0x0000000746a00000|  0%| F|  |TS  0|AC  0|TAMS 0x0000000746900000, 0x0000000746900000|
| 106|0x0000000746a00000, 0x0000000746a00000, 0x0000000746b00000|  0%| F|  |TS  0|AC  0|TAMS 0x0000000746a00000, 0x0000000746a00000|
| 107|0x0000000746b00000, 0x0000000746b00000, 0x0000000746c00000|  0%| F|  |TS  0|AC  0|TAMS 0x0000000746b00000, 0x0000000746b00000|
| 108|0x0000000746c00000, 0x0000000746c00000, 0x0000000746d00000|  0%| F|  |TS  0|AC  0|TAMS 0x0000000746c00000, 0x0000000746c00000|
| 109|0x0000000746d00000, 0x0000000746d00000, 0x0000000746e00000|  0%| F|  |TS  0|AC  0|TAMS 0x0000000746d00000, 0x0000000746d00000|
| 110|0x0000000746e00000, 0x0000000746e00000, 0x0000000746f00000|  0%| F|  |TS  0|AC  0|TAMS 0x0000000746e00000, 0x0000000746e00000|
| 111|0x0000000746f00000, 0x0000000746f00000, 0x0000000747000000|  0%| F|  |TS  0|AC  0|TAMS 0x0000000746f00000, 0x0000000746f00000|
| 112|0x0000000747000000, 0x0000000747000000, 0x0000000747100000|  0%| F|  |TS  0|AC  0|TAMS 0x0000000747000000, 0x0000000747000000|
| 113|0x0000000747100000, 0x0000000747100000, 0x0000000747200000|  0%| F|  |TS  0|AC  0|TAMS 0x0000000747100000, 0x0000000747100000|
| 114|0x0000000747200000, 0x0000000747200000, 0x0000000747300000|  0%| F|  |TS  0|AC  0|TAMS 0x0000000747200000, 0x0000000747200000|
| 115|0x0000000747300000, 0x0000000747300000, 0x0000000747400000|  0%| F|  |TS  0|AC  0|TAMS 0x0000000747300000, 0x0000000747300000|
| 116|0x0000000747400000, 0x0000000747400000, 0x0000000747500000|  0%| F|  |TS  0|AC  0|TAMS 0x0000000747400000, 0x0000000747400000|
| 117|0x0000000747500000, 0x0000000747500000, 0x0000000747600000|  0%| F|  |TS  0|AC  0|TAMS 0x0000000747500000, 0x0000000747500000|
| 118|0x0000000747600000, 0x0000000747600000, 0x0000000747700000|  0%| F|  |TS  0|AC  0|TAMS 0x0000000747600000, 0x0000000747600000|
| 119|0x0000000747700000, 0x0000000747700000, 0x0000000747800000|  0%| F|  |TS  0|AC  0|TAMS 0x0000000747700000, 0x0000000747700000|
| 120|0x0000000747800000, 0x0000000747800000, 0x0000000747900000|  0%| F|  |TS  0|AC  0|TAMS 0x0000000747800000, 0x0000000747800000|
| 121|0x0000000747900000, 0x0000000747900000, 0x0000000747a00000|  0%| F|  |TS  0|AC  0|TAMS 0x0000000747900000, 0x0000000747900000|
| 122|0x0000000747a00000, 0x0000000747a00000, 0x0000000747b00000|  0%| F|  |TS  0|AC  0|TAMS 0x0000000747a00000, 0x0000000747a00000|
| 123|0x0000000747b00000, 0x0000000747b00000, 0x0000000747c00000|  0%| F|  |TS  0|AC  0|TAMS 0x0000000747b00000, 0x0000000747b00000|
| 124|0x0000000747c00000, 0x0000000747c523d0, 0x0000000747d00000| 32%| E|  |TS  0|AC  0|TAMS 0x0000000747c00000, 0x0000000747c00000|
| 125|0x0000000747d00000, 0x0000000747e00000, 0x0000000747e00000|100%| E|CS|TS  0|AC  0|TAMS 0x0000000747d00000, 0x0000000747d00000|
| 126|0x0000000747e00000, 0x0000000747f00000, 0x0000000747f00000|100%| E|CS|TS  0|AC  0|TAMS 0x0000000747e00000, 0x0000000747e00000|
| 127|0x0000000747f00000, 0x0000000748000000, 0x0000000748000000|100%| E|CS|TS  0|AC  0|TAMS 0x0000000747f00000, 0x0000000747f00000|

Card table byte_map: [0x0000000125b50000,0x0000000125f50000] byte_map_base: 0x0000000122150000

Marking Bits (Prev, Next): (CMBitMap*) 0x00007f7ff7817870, (CMBitMap*) 0x00007f7ff78178a8
 Prev Bits: [0x0000000126350000, 0x0000000128350000)
 Next Bits: [0x0000000128350000, 0x000000012a350000)

Polling page: 0x000000010ac33000

CodeHeap 'non-profiled nmethods': size=120032Kb used=74Kb max_used=74Kb free=119957Kb
 bounds [0x000000011da18000, 0x000000011dc88000, 0x0000000124f50000]
CodeHeap 'profiled nmethods': size=120032Kb used=346Kb max_used=346Kb free=119686Kb
 bounds [0x00000001164e0000, 0x0000000116750000, 0x000000011da18000]
CodeHeap 'non-nmethods': size=5696Kb used=1175Kb max_used=1186Kb free=4520Kb
 bounds [0x0000000115f50000, 0x00000001161c0000, 0x00000001164e0000]
 total_blobs=673 nmethods=275 adapters=234
 compilation: enabled

Compilation events (10 events):
Event: 0.315 Thread 0x00007f7ff7053000  271       3       java.util.ArrayList::elementData (7 bytes)
Event: 0.315 Thread 0x00007f7ff7053000 nmethod 271 0x0000000116533b10 code [0x0000000116533cc0, 0x0000000116533e50]
Event: 0.315 Thread 0x00007f7ff7053000  272       3       java.util.zip.ZipFile::ensureOpen (35 bytes)
Event: 0.315 Thread 0x00007f7ff7053000 nmethod 272 0x0000000116533f10 code [0x00000001165340e0, 0x0000000116534458]
Event: 0.316 Thread 0x00007f7ff7053000  273       3       java.util.ArrayList::get (15 bytes)
Event: 0.316 Thread 0x00007f7ff7053000 nmethod 273 0x0000000116534590 code [0x00000001165347c0, 0x0000000116534fa8]
Event: 0.316 Thread 0x00007f7ff7053000  274       3       java.util.Objects::checkIndex (7 bytes)
Event: 0.316 Thread 0x00007f7ff7053000 nmethod 274 0x0000000116535290 code [0x00000001165354a0, 0x0000000116535b68]
Event: 0.316 Thread 0x00007f7ff7053000  275       3       jdk.internal.util.Preconditions::checkIndex (18 bytes)
Event: 0.317 Thread 0x00007f7ff7053000 nmethod 275 0x0000000116535d90 code [0x0000000116535fa0, 0x0000000116536608]

GC Heap History (0 events):
No events

Deoptimization events (0 events):
No events

Classes redefined (0 events):
No events

Internal exceptions (0 events):
No events

Events (10 events):
Event: 0.314 loading class javax/servlet/ServletResponse
Event: 0.314 loading class javax/servlet/ServletResponse done
Event: 0.315 loading class org/apache/catalina/Wrapper
Event: 0.315 loading class org/apache/catalina/Wrapper done
Event: 0.315 loading class java/lang/PublicMethods$Key
Event: 0.315 loading class java/lang/PublicMethods$Key done
Event: 0.316 loading class org/apache/catalina/startup/Tomcat
Event: 0.316 loading class org/apache/catalina/startup/Tomcat done
Event: 0.317 loading class java/lang/Class$EnclosingMethodInfo
Event: 0.317 loading class java/lang/Class$EnclosingMethodInfo done


Dynamic libraries:
0x00007fff32088000 	/System/Library/Frameworks/Cocoa.framework/Versions/A/Cocoa
0x00007fff3dda0000 	/System/Library/Frameworks/Security.framework/Versions/A/Security
0x00007fff30d1d000 	/System/Library/Frameworks/ApplicationServices.framework/Versions/A/ApplicationServices
0x00007fff5de62000 	/usr/lib/libz.1.dylib
0x00007fff5b7bc000 	/usr/lib/libSystem.B.dylib
0x00007fff32870000 	/System/Library/Frameworks/CoreFoundation.framework/Versions/A/CoreFoundation
0x00007fff34af2000 	/System/Library/Frameworks/Foundation.framework/Versions/C/Foundation
0x00007fff5cff3000 	/usr/lib/libobjc.A.dylib
0x00007fff2ff16000 	/System/Library/Frameworks/AppKit.framework/Versions/C/AppKit
0x00007fff32403000 	/System/Library/Frameworks/CoreData.framework/Versions/A/CoreData
0x00007fff5528f000 	/System/Library/PrivateFrameworks/RemoteViewServices.framework/Versions/A/RemoteViewServices
0x00007fff594fc000 	/System/Library/PrivateFrameworks/UIFoundation.framework/Versions/A/UIFoundation
0x00007fff5abde000 	/System/Library/PrivateFrameworks/XCTTargetBootstrap.framework/Versions/A/XCTTargetBootstrap
0x00007fff32788000 	/System/Library/Frameworks/CoreDisplay.framework/Versions/A/CoreDisplay
0x00007fff4ffe6000 	/System/Library/PrivateFrameworks/IconServices.framework/Versions/A/IconServices
0x00007fff37416000 	/System/Library/Frameworks/Metal.framework/Versions/A/Metal
0x00007fff47561000 	/System/Library/PrivateFrameworks/DesktopServicesPriv.framework/Versions/A/DesktopServicesPriv
0x00007fff5c356000 	/usr/lib/libenergytrace.dylib
0x00007fff579e5000 	/System/Library/PrivateFrameworks/SkyLight.framework/Versions/A/SkyLight
0x00007fff32cb6000 	/System/Library/Frameworks/CoreGraphics.framework/Versions/A/CoreGraphics
0x00007fff2ece2000 	/System/Library/Frameworks/Accelerate.framework/Versions/A/Accelerate
0x00007fff3523a000 	/System/Library/Frameworks/IOSurface.framework/Versions/A/IOSurface
0x00007fff473cd000 	/System/Library/PrivateFrameworks/DFRFoundation.framework/Versions/A/DFRFoundation
0x00007fff31200000 	/System/Library/Frameworks/AudioToolbox.framework/Versions/A/AudioToolbox
0x00007fff31479000 	/System/Library/Frameworks/AudioUnit.framework/Versions/A/AudioUnit
0x00007fff47462000 	/System/Library/PrivateFrameworks/DataDetectorsCore.framework/Versions/A/DataDetectorsCore
0x00007fff31b8c000 	/System/Library/Frameworks/Carbon.framework/Versions/A/Frameworks/HIToolbox.framework/Versions/A/HIToolbox
0x00007fff5c4af000 	/usr/lib/libicucore.A.dylib
0x00007fff3d315000 	/System/Library/Frameworks/QuartzCore.framework/Versions/A/QuartzCore
0x00007fff31f60000 	/System/Library/Frameworks/Carbon.framework/Versions/A/Frameworks/SpeechRecognition.framework/Versions/A/SpeechRecognition
0x00007fff5b910000 	/usr/lib/libauto.dylib
0x00007fff5dd56000 	/usr/lib/libxml2.2.dylib
0x00007fff46faa000 	/System/Library/PrivateFrameworks/CoreUI.framework/Versions/A/CoreUI
0x00007fff322ee000 	/System/Library/Frameworks/CoreAudio.framework/Versions/A/CoreAudio
0x00007fff34927000 	/System/Library/Frameworks/DiskArbitration.framework/Versions/A/DiskArbitration
0x00007fff5c75d000 	/usr/lib/liblangid.dylib
0x00007fff513f4000 	/System/Library/PrivateFrameworks/MultitouchSupport.framework/Versions/A/MultitouchSupport
0x00007fff351a9000 	/System/Library/Frameworks/IOKit.framework/Versions/A/IOKit
0x00007fff5b37d000 	/usr/lib/libDiagnosticMessagesClient.dylib
0x00007fff33ac5000 	/System/Library/Frameworks/CoreServices.framework/Versions/A/CoreServices
0x00007fff5309b000 	/System/Library/PrivateFrameworks/PerformanceAnalysis.framework/Versions/A/PerformanceAnalysis
0x00007fff3c503000 	/System/Library/Frameworks/OpenGL.framework/Versions/A/OpenGL
0x00007fff32096000 	/System/Library/Frameworks/ColorSync.framework/Versions/A/ColorSync
0x00007fff33347000 	/System/Library/Frameworks/CoreImage.framework/Versions/A/CoreImage
0x00007fff3449e000 	/System/Library/Frameworks/CoreText.framework/Versions/A/CoreText
0x00007fff3529d000 	/System/Library/Frameworks/ImageIO.framework/Versions/A/ImageIO
0x00007fff435ff000 	/System/Library/PrivateFrameworks/Backup.framework/Versions/A/Backup
0x00007fff5b863000 	/usr/lib/libarchive.2.dylib
0x00007fff317d1000 	/System/Library/Frameworks/CFNetwork.framework/Versions/A/CFNetwork
0x00007fff3e4fa000 	/System/Library/Frameworks/SystemConfiguration.framework/Versions/A/SystemConfiguration
0x00007fff5b2ae000 	/usr/lib/libCRFSuite.dylib
0x00007fff5b9ff000 	/usr/lib/libc++.1.dylib
0x00007fff5ba53000 	/usr/lib/libc++abi.dylib
0x00007fff5e658000 	/usr/lib/system/libcache.dylib
0x00007fff5e65d000 	/usr/lib/system/libcommonCrypto.dylib
0x00007fff5e668000 	/usr/lib/system/libcompiler_rt.dylib
0x00007fff5e670000 	/usr/lib/system/libcopyfile.dylib
0x00007fff5e67a000 	/usr/lib/system/libcorecrypto.dylib
0x00007fff5e785000 	/usr/lib/system/libdispatch.dylib
0x00007fff5e7bf000 	/usr/lib/system/libdyld.dylib
0x00007fff5e7ec000 	/usr/lib/system/libkeymgr.dylib
0x00007fff5e7fa000 	/usr/lib/system/liblaunch.dylib
0x00007fff5e7fb000 	/usr/lib/system/libmacho.dylib
0x00007fff5e801000 	/usr/lib/system/libquarantine.dylib
0x00007fff5e804000 	/usr/lib/system/libremovefile.dylib
0x00007fff5e806000 	/usr/lib/system/libsystem_asl.dylib
0x00007fff5e81e000 	/usr/lib/system/libsystem_blocks.dylib
0x00007fff5e81f000 	/usr/lib/system/libsystem_c.dylib
0x00007fff5e8a7000 	/usr/lib/system/libsystem_configuration.dylib
0x00007fff5e8ab000 	/usr/lib/system/libsystem_coreservices.dylib
0x00007fff5e8af000 	/usr/lib/system/libsystem_darwin.dylib
0x00007fff5e8b6000 	/usr/lib/system/libsystem_dnssd.dylib
0x00007fff5e8bd000 	/usr/lib/system/libsystem_info.dylib
0x00007fff5e932000 	/usr/lib/system/libsystem_m.dylib
0x00007fff5e97e000 	/usr/lib/system/libsystem_malloc.dylib
0x00007fff5e9a9000 	/usr/lib/system/libsystem_networkextension.dylib
0x00007fff5e9b4000 	/usr/lib/system/libsystem_notify.dylib
0x00007fff5e9d1000 	/usr/lib/system/libsystem_sandbox.dylib
0x00007fff5e9d5000 	/usr/lib/system/libsystem_secinit.dylib
0x00007fff5e909000 	/usr/lib/system/libsystem_kernel.dylib
0x00007fff5e9bc000 	/usr/lib/system/libsystem_platform.dylib
0x00007fff5e9c6000 	/usr/lib/system/libsystem_pthread.dylib
0x00007fff5e9d8000 	/usr/lib/system/libsystem_symptoms.dylib
0x00007fff5e9e0000 	/usr/lib/system/libsystem_trace.dylib
0x00007fff5e9f7000 	/usr/lib/system/libunwind.dylib
0x00007fff5e9fd000 	/usr/lib/system/libxpc.dylib
0x00007fff5b9e0000 	/usr/lib/libbsm.0.dylib
0x00007fff5e7ed000 	/usr/lib/system/libkxld.dylib
0x00007fff429f0000 	/System/Library/PrivateFrameworks/AppleFSCompression.framework/Versions/A/AppleFSCompression
0x00007fff5b67c000 	/usr/lib/libOpenScriptingUtil.dylib
0x00007fff5bd08000 	/usr/lib/libcoretls.dylib
0x00007fff5bd1f000 	/usr/lib/libcoretls_cfhelpers.dylib
0x00007fff5d78a000 	/usr/lib/libpam.2.dylib
0x00007fff5d94a000 	/usr/lib/libsqlite3.dylib
0x00007fff5dd44000 	/usr/lib/libxar.1.dylib
0x00007fff5b9f1000 	/usr/lib/libbz2.1.0.dylib
0x00007fff5c75f000 	/usr/lib/liblzma.5.dylib
0x00007fff5cc10000 	/usr/lib/libnetwork.dylib
0x00007fff5b84c000 	/usr/lib/libapple_nghttp2.dylib
0x00007fff5d791000 	/usr/lib/libpcap.A.dylib
0x00007fff33e64000 	/System/Library/Frameworks/CoreServices.framework/Versions/A/Frameworks/FSEvents.framework/Versions/A/FSEvents
0x00007fff33b43000 	/System/Library/Frameworks/CoreServices.framework/Versions/A/Frameworks/CarbonCore.framework/Versions/A/CarbonCore
0x00007fff34020000 	/System/Library/Frameworks/CoreServices.framework/Versions/A/Frameworks/Metadata.framework/Versions/A/Metadata
0x00007fff340bf000 	/System/Library/Frameworks/CoreServices.framework/Versions/A/Frameworks/OSServices.framework/Versions/A/OSServices
0x00007fff3410a000 	/System/Library/Frameworks/CoreServices.framework/Versions/A/Frameworks/SearchKit.framework/Versions/A/SearchKit
0x00007fff33ac6000 	/System/Library/Frameworks/CoreServices.framework/Versions/A/Frameworks/AE.framework/Versions/A/AE
0x00007fff33e6d000 	/System/Library/Frameworks/CoreServices.framework/Versions/A/Frameworks/LaunchServices.framework/Versions/A/LaunchServices
0x00007fff33e1b000 	/System/Library/Frameworks/CoreServices.framework/Versions/A/Frameworks/DictionaryServices.framework/Versions/A/DictionaryServices
0x00007fff34172000 	/System/Library/Frameworks/CoreServices.framework/Versions/A/Frameworks/SharedFileList.framework/Versions/A/SharedFileList
0x00007fff384de000 	/System/Library/Frameworks/NetFS.framework/Versions/A/NetFS
0x00007fff5165a000 	/System/Library/PrivateFrameworks/NetAuth.framework/Versions/A/NetAuth
0x00007fff5afe2000 	/System/Library/PrivateFrameworks/login.framework/Versions/A/Frameworks/loginsupport.framework/Versions/A/loginsupport
0x00007fff59105000 	/System/Library/PrivateFrameworks/TCC.framework/Versions/A/TCC
0x00007fff46607000 	/System/Library/PrivateFrameworks/CoreNLP.framework/Versions/A/CoreNLP
0x00007fff510ed000 	/System/Library/PrivateFrameworks/MetadataUtilities.framework/Versions/A/MetadataUtilities
0x00007fff5c834000 	/usr/lib/libmecabra.dylib
0x00007fff30d1e000 	/System/Library/Frameworks/ApplicationServices.framework/Versions/A/Frameworks/ATS.framework/Versions/A/ATS
0x00007fff3106d000 	/System/Library/Frameworks/ApplicationServices.framework/Versions/A/Frameworks/ColorSyncLegacy.framework/Versions/A/ColorSyncLegacy
0x00007fff3110c000 	/System/Library/Frameworks/ApplicationServices.framework/Versions/A/Frameworks/HIServices.framework/Versions/A/HIServices
0x00007fff3115f000 	/System/Library/Frameworks/ApplicationServices.framework/Versions/A/Frameworks/LangAnalysis.framework/Versions/A/LangAnalysis
0x00007fff3116f000 	/System/Library/Frameworks/ApplicationServices.framework/Versions/A/Frameworks/PrintCore.framework/Versions/A/PrintCore
0x00007fff311b9000 	/System/Library/Frameworks/ApplicationServices.framework/Versions/A/Frameworks/QD.framework/Versions/A/QD
0x00007fff311f3000 	/System/Library/Frameworks/ApplicationServices.framework/Versions/A/Frameworks/SpeechSynthesis.framework/Versions/A/SpeechSynthesis
0x00007fff5ba7b000 	/usr/lib/libcompression.dylib
0x00007fff376e6000 	/System/Library/Frameworks/MetalPerformanceShaders.framework/Versions/A/MetalPerformanceShaders
0x00007fff2ecfa000 	/System/Library/Frameworks/Accelerate.framework/Versions/A/Frameworks/vImage.framework/Versions/A/vImage
0x00007fff2fd74000 	/System/Library/Frameworks/Accelerate.framework/Versions/A/Frameworks/vecLib.framework/Versions/A/vecLib
0x00007fff2fcc0000 	/System/Library/Frameworks/Accelerate.framework/Versions/A/Frameworks/vecLib.framework/Versions/A/libvMisc.dylib
0x00007fff2fad8000 	/System/Library/Frameworks/Accelerate.framework/Versions/A/Frameworks/vecLib.framework/Versions/A/libvDSP.dylib
0x00007fff2f394000 	/System/Library/Frameworks/Accelerate.framework/Versions/A/Frameworks/vecLib.framework/Versions/A/libBLAS.dylib
0x00007fff2f681000 	/System/Library/Frameworks/Accelerate.framework/Versions/A/Frameworks/vecLib.framework/Versions/A/libLAPACK.dylib
0x00007fff2fa2b000 	/System/Library/Frameworks/Accelerate.framework/Versions/A/Frameworks/vecLib.framework/Versions/A/libLinearAlgebra.dylib
0x00007fff2fac4000 	/System/Library/Frameworks/Accelerate.framework/Versions/A/Frameworks/vecLib.framework/Versions/A/libSparseBLAS.dylib
0x00007fff2fa41000 	/System/Library/Frameworks/Accelerate.framework/Versions/A/Frameworks/vecLib.framework/Versions/A/libQuadrature.dylib
0x00007fff2f60e000 	/System/Library/Frameworks/Accelerate.framework/Versions/A/Frameworks/vecLib.framework/Versions/A/libBNNS.dylib
0x00007fff2fa47000 	/System/Library/Frameworks/Accelerate.framework/Versions/A/Frameworks/vecLib.framework/Versions/A/libSparse.dylib
0x00007fff4d949000 	/System/Library/PrivateFrameworks/GPUWrangler.framework/Versions/A/GPUWrangler
0x00007fff4fc1b000 	/System/Library/PrivateFrameworks/IOAccelerator.framework/Versions/A/IOAccelerator
0x00007fff4fc26000 	/System/Library/PrivateFrameworks/IOPresentment.framework/Versions/A/IOPresentment
0x00007fff473dd000 	/System/Library/PrivateFrameworks/DSExternalDisplay.framework/Versions/A/DSExternalDisplay
0x00007fff3b95a000 	/System/Library/Frameworks/OpenGL.framework/Versions/A/Libraries/libCoreFSCache.dylib
0x00007fff374da000 	/System/Library/Frameworks/MetalPerformanceShaders.framework/Frameworks/MPSCore.framework/Versions/A/MPSCore
0x00007fff374fa000 	/System/Library/Frameworks/MetalPerformanceShaders.framework/Frameworks/MPSImage.framework/Versions/A/MPSImage
0x00007fff3759f000 	/System/Library/Frameworks/MetalPerformanceShaders.framework/Frameworks/MPSNeuralNetwork.framework/Versions/A/MPSNeuralNetwork
0x00007fff37577000 	/System/Library/Frameworks/MetalPerformanceShaders.framework/Frameworks/MPSMatrix.framework/Versions/A/MPSMatrix
0x00007fff376cb000 	/System/Library/Frameworks/MetalPerformanceShaders.framework/Frameworks/MPSRayIntersector.framework/Versions/A/MPSRayIntersector
0x00007fff51116000 	/System/Library/PrivateFrameworks/MetalTools.framework/Versions/A/MetalTools
0x00007fff4229d000 	/System/Library/PrivateFrameworks/AggregateDictionary.framework/Versions/A/AggregateDictionary
0x00007fff5b65d000 	/usr/lib/libMobileGestalt.dylib
0x00007fff34601000 	/System/Library/Frameworks/CoreVideo.framework/Versions/A/CoreVideo
0x00007fff4e759000 	/System/Library/PrivateFrameworks/GraphVisualizer.framework/Versions/A/GraphVisualizer
0x00007fff485d9000 	/System/Library/PrivateFrameworks/FaceCore.framework/Versions/A/FaceCore
0x00007fff3af88000 	/System/Library/Frameworks/OpenCL.framework/Versions/A/OpenCL
0x00007fff5b3b5000 	/usr/lib/libFosl_dynamic.dylib
0x00007fff51ec5000 	/System/Library/PrivateFrameworks/OTSVG.framework/Versions/A/OTSVG
0x00007fff30e22000 	/System/Library/Frameworks/ApplicationServices.framework/Versions/A/Frameworks/ATS.framework/Versions/A/Resources/libFontParser.dylib
0x00007fff30f3a000 	/System/Library/Frameworks/ApplicationServices.framework/Versions/A/Frameworks/ATS.framework/Versions/A/Resources/libFontRegistry.dylib
0x00007fff3550b000 	/System/Library/Frameworks/ImageIO.framework/Versions/A/Resources/libJPEG.dylib
0x00007fff3581d000 	/System/Library/Frameworks/ImageIO.framework/Versions/A/Resources/libTIFF.dylib
0x00007fff357f3000 	/System/Library/Frameworks/ImageIO.framework/Versions/A/Resources/libPng.dylib
0x00007fff35429000 	/System/Library/Frameworks/ImageIO.framework/Versions/A/Resources/libGIF.dylib
0x00007fff3542e000 	/System/Library/Frameworks/ImageIO.framework/Versions/A/Resources/libJP2.dylib
0x00007fff3581a000 	/System/Library/Frameworks/ImageIO.framework/Versions/A/Resources/libRadiance.dylib
0x00007fff42b47000 	/System/Library/PrivateFrameworks/AppleJPEG.framework/Versions/A/AppleJPEG
0x00007fff3b965000 	/System/Library/Frameworks/OpenGL.framework/Versions/A/Libraries/libGFXShared.dylib
0x00007fff3bb28000 	/System/Library/Frameworks/OpenGL.framework/Versions/A/Libraries/libGLU.dylib
0x00007fff3b96e000 	/System/Library/Frameworks/OpenGL.framework/Versions/A/Libraries/libGL.dylib
0x00007fff3b97a000 	/System/Library/Frameworks/OpenGL.framework/Versions/A/Libraries/libGLImage.dylib
0x00007fff3b957000 	/System/Library/Frameworks/OpenGL.framework/Versions/A/Libraries/libCVMSPluginSupport.dylib
0x00007fff3b960000 	/System/Library/Frameworks/OpenGL.framework/Versions/A/Libraries/libCoreVMClient.dylib
0x00007fff5c1cc000 	/usr/lib/libcups.2.dylib
0x00007fff369e1000 	/System/Library/Frameworks/Kerberos.framework/Versions/A/Kerberos
0x00007fff34f0e000 	/System/Library/Frameworks/GSS.framework/Versions/A/GSS
0x00007fff5d8df000 	/usr/lib/libresolv.9.dylib
0x00007fff5c3be000 	/usr/lib/libiconv.2.dylib
0x00007fff4e8b8000 	/System/Library/PrivateFrameworks/Heimdal.framework/Versions/A/Heimdal
0x00007fff5c38e000 	/usr/lib/libheimdal-asn1.dylib
0x00007fff3affc000 	/System/Library/Frameworks/OpenDirectory.framework/Versions/A/OpenDirectory
0x00007fff4536c000 	/System/Library/PrivateFrameworks/CommonAuth.framework/Versions/A/CommonAuth
0x00007fff3afe0000 	/System/Library/Frameworks/OpenDirectory.framework/Versions/A/Frameworks/CFOpenDirectory.framework/Versions/A/CFOpenDirectory
0x00007fff3e0a0000 	/System/Library/Frameworks/SecurityFoundation.framework/Versions/A/SecurityFoundation
0x00007fff417e6000 	/System/Library/PrivateFrameworks/APFS.framework/Versions/A/APFS
0x00007fff5dd40000 	/usr/lib/libutil.dylib
0x00007fff5ba69000 	/usr/lib/libcharset.1.dylib
0x00007fff42de4000 	/System/Library/PrivateFrameworks/AppleSauce.framework/Versions/A/AppleSauce
0x00007fff42f65000 	/System/Library/PrivateFrameworks/AssertionServices.framework/Versions/A/AssertionServices
0x00007fff43695000 	/System/Library/PrivateFrameworks/BaseBoard.framework/Versions/A/BaseBoard
0x00007fff5c78f000 	/usr/lib/libmecab.1.0.0.dylib
0x00007fff5c388000 	/usr/lib/libgermantok.dylib
0x00007fff5b839000 	/usr/lib/libThaiTokenizer.dylib
0x00007fff5b2e5000 	/usr/lib/libChineseTokenizer.dylib
0x00007fff502d4000 	/System/Library/PrivateFrameworks/LanguageModeling.framework/Versions/A/LanguageModeling
0x00007fff4604d000 	/System/Library/PrivateFrameworks/CoreEmoji.framework/Versions/A/CoreEmoji
0x00007fff503b0000 	/System/Library/PrivateFrameworks/Lexicon.framework/Versions/A/Lexicon
0x00007fff503f3000 	/System/Library/PrivateFrameworks/LinguisticData.framework/Versions/A/LinguisticData
0x00007fff5ba6a000 	/usr/lib/libcmph.dylib
0x00007fff3e15e000 	/System/Library/Frameworks/ServiceManagement.framework/Versions/A/ServiceManagement
0x00007fff435f6000 	/System/Library/PrivateFrameworks/BackgroundTaskManagement.framework/Versions/A/BackgroundTaskManagement
0x00007fff5de39000 	/usr/lib/libxslt.1.dylib
0x00007fff31e8d000 	/System/Library/Frameworks/Carbon.framework/Versions/A/Frameworks/Ink.framework/Versions/A/Ink
0x00007fff59377000 	/System/Library/PrivateFrameworks/TextureIO.framework/Versions/A/TextureIO
0x00007fff5b88d000 	/usr/lib/libate.dylib
0x00007fff4732c000 	/System/Library/PrivateFrameworks/CrashReporterSupport.framework/Versions/A/CrashReporterSupport
0x00007fff56ab6000 	/System/Library/PrivateFrameworks/Sharing.framework/Versions/A/Sharing
0x00007fff43348000 	/System/Library/PrivateFrameworks/AuthKit.framework/Versions/A/AuthKit
0x00007fff4289c000 	/System/Library/PrivateFrameworks/Apple80211.framework/Versions/A/Apple80211
0x00007fff470d6000 	/System/Library/PrivateFrameworks/CoreUtils.framework/Versions/A/CoreUtils
0x00007fff34641000 	/System/Library/Frameworks/CoreWLAN.framework/Versions/A/CoreWLAN
0x00007fff3503d000 	/System/Library/Frameworks/IOBluetooth.framework/Versions/A/IOBluetooth
0x00007fff54f3a000 	/System/Library/PrivateFrameworks/ProtocolBuffer.framework/Versions/A/ProtocolBuffer
0x00007fff51350000 	/System/Library/PrivateFrameworks/MobileKeyBag.framework/Versions/A/MobileKeyBag
0x00007fff4691a000 	/System/Library/PrivateFrameworks/CorePhoneNumbers.framework/Versions/A/CorePhoneNumbers
0x00007fff42afb000 	/System/Library/PrivateFrameworks/AppleIDAuthSupport.framework/Versions/A/AppleIDAuthSupport
0x00007fff502a7000 	/System/Library/PrivateFrameworks/KeychainCircle.framework/Versions/A/KeychainCircle
0x00007fff550f0000 	/System/Library/PrivateFrameworks/ROCKit.framework/Versions/A/ROCKit
0x00007fff472c8000 	/System/Library/PrivateFrameworks/CoreWiFi.framework/Versions/A/CoreWiFi
0x00007fff323d8000 	/System/Library/Frameworks/CoreBluetooth.framework/Versions/A/CoreBluetooth
0x00007fff47523000 	/System/Library/PrivateFrameworks/DebugSymbols.framework/Versions/A/DebugSymbols
0x00007fff46e96000 	/System/Library/PrivateFrameworks/CoreSymbolication.framework/Versions/A/CoreSymbolication
0x00007fff58b92000 	/System/Library/PrivateFrameworks/Symbolication.framework/Versions/A/Symbolication
0x00007fff58435000 	/System/Library/PrivateFrameworks/SpeechRecognitionCore.framework/Versions/A/SpeechRecognitionCore
0x00007fff2704a000 	/System/Library/CoreServices/Encodings/libSimplifiedChineseConverter.dylib
0x0000000109f38000 	/Users/shengfan/Downloads/SE001/Eclipse.app/Contents/JAVA/Contents/Home/lib/server/libjvm.dylib
0x00007fff5dc1b000 	/usr/lib/libstdc++.6.dylib
0x000000010abdb000 	/Users/shengfan/Downloads/SE001/Eclipse.app/Contents/JAVA/Contents/Home/lib/libverify.dylib
0x000000010abe8000 	/Users/shengfan/Downloads/SE001/Eclipse.app/Contents/JAVA/Contents/Home/lib/libjava.dylib
0x000000010ac7c000 	/Users/shengfan/Downloads/SE001/Eclipse.app/Contents/JAVA/Contents/Home/lib/libzip.dylib
0x000000010ac84000 	/Users/shengfan/Downloads/SE001/Eclipse.app/Contents/JAVA/Contents/Home/lib/libjimage.dylib
0x000000010ae39000 	/Users/shengfan/Downloads/SE001/Eclipse.app/Contents/JAVA/Contents/Home/lib/libnio.dylib
0x000000012d0a1000 	/Users/shengfan/Downloads/SE001/Eclipse.app/Contents/JAVA/Contents/Home/lib/./libnet.dylib

VM Arguments:
jvm_args: -Dfile.encoding=UTF-8 
java_command: org.apache.catalina.startup.Tomcat$1
java_class_path (initial): /Users/shengfan/Downloads/github-eclipse-repo-master/phase-04-implementation-003-javaWeb/build/classes:/Users/shengfan/Downloads/SE001/tomcat/apache-tomcat-7.0.94/lib/el-api.jar:/Users/shengfan/Downloads/SE001/tomcat/apache-tomcat-7.0.94/lib/tomcat-i18n-es.jar:/Users/shengfan/Downloads/SE001/tomcat/apache-tomcat-7.0.94/lib/jasper.jar:/Users/shengfan/Downloads/SE001/tomcat/apache-tomcat-7.0.94/lib/jasper-el.jar:/Users/shengfan/Downloads/SE001/tomcat/apache-tomcat-7.0.94/lib/tomcat-util.jar:/Users/shengfan/Downloads/SE001/tomcat/apache-tomcat-7.0.94/lib/jsp-api.jar:/Users/shengfan/Downloads/SE001/tomcat/apache-tomcat-7.0.94/lib/catalina-tribes.jar:/Users/shengfan/Downloads/SE001/tomcat/apache-tomcat-7.0.94/lib/catalina.jar:/Users/shengfan/Downloads/SE001/tomcat/apache-tomcat-7.0.94/lib/tomcat7-websocket.jar:/Users/shengfan/Downloads/SE001/tomcat/apache-tomcat-7.0.94/lib/websocket-api.jar:/Users/shengfan/Downloads/SE001/tomcat/apache-tomcat-7.0.94/lib/tomcat-coyote.jar:/Users/shengfan/Downloads/SE001/tomcat/apache-tomcat-7.0.94/lib/catalina-ha.jar:/Users/shengfan/Downloads/SE001/tomcat/apache-tomcat-7.0.94/lib/tomcat-api.jar:/Users/shengfan/Downloads/SE001/tomcat/apache-tomcat-7.0.94/lib/ecj-4.4.2.jar:/Users/shengfan/Downloads/SE001/tomcat/apache-tomcat-7.0.94/lib/annotations-api.jar:/Users/shengfan/Downloads/SE001/tomcat/apache-tomcat-7.0.94/lib/catalina-ant.jar:/Users/shengfan/Downloads/SE001/tomcat/apache-tomcat-7.0.94/lib/servlet-api.jar:/Users/shengfan/Downloads/SE001/tomcat/apache-tomcat-7.0.94/lib/tomcat-i18n-ja.jar:/Users/shengfan/Downloads/SE001/tomcat/apache-tomcat-7.0.94/lib/tomcat-i18n-ru.jar:/Users/shengfan/Downloads/SE001/tomcat/apache-tomcat-7.0.94/lib/tomcat-jdbc.jar:/Users/shengfan/Downloads/SE001/tomcat/apache-tomcat-7.0.94/lib/tomcat-i18n-fr.jar:/Users/shengfan/Downloads/SE001/tomcat/apache-tomcat-7.0.94/lib/tomcat-dbcp.jar
Launcher Type: SUN_STANDARD

Logging:
Log output configuration:
#0: stdout all=warning uptime,level,tags
#1: stderr all=off uptime,level,tags

Environment Variables:
PATH=/usr/bin:/bin:/usr/sbin:/sbin
SHELL=/bin/bash

Signal Handlers:
SIGSEGV: [libjvm.dylib+0x73f3dc], sa_mask[0]=11111111011111110111111111111111, sa_flags=SA_ONSTACK|SA_RESTART|SA_SIGINFO
SIGBUS: [libjvm.dylib+0x73f3dc], sa_mask[0]=11111111011111110111111111111111, sa_flags=SA_RESTART|SA_SIGINFO
SIGFPE: [libjvm.dylib+0x73f3dc], sa_mask[0]=11111111011111110111111111111111, sa_flags=SA_RESTART|SA_SIGINFO
SIGPIPE: [libjvm.dylib+0x5f233c], sa_mask[0]=11111111011111110111111111111111, sa_flags=SA_RESTART|SA_SIGINFO
SIGXFSZ: [libjvm.dylib+0x5f233c], sa_mask[0]=11111111011111110111111111111111, sa_flags=SA_RESTART|SA_SIGINFO
SIGILL: [libjvm.dylib+0x73f3dc], sa_mask[0]=11111111011111110111111111111111, sa_flags=SA_RESTART|SA_SIGINFO
SIGUSR2: [libjvm.dylib+0x5f2bcc], sa_mask[0]=00100000000000000000000000000000, sa_flags=SA_RESTART|SA_SIGINFO
SIGHUP: [libjvm.dylib+0x5f1409], sa_mask[0]=11111111011111110111111111111111, sa_flags=SA_RESTART|SA_SIGINFO
SIGINT: [libjvm.dylib+0x5f1409], sa_mask[0]=11111111011111110111111111111111, sa_flags=SA_RESTART|SA_SIGINFO
SIGTERM: [libjvm.dylib+0x5f1409], sa_mask[0]=11111111011111110111111111111111, sa_flags=SA_RESTART|SA_SIGINFO
SIGQUIT: [libjvm.dylib+0x5f1409], sa_mask[0]=11111111011111110111111111111111, sa_flags=SA_RESTART|SA_SIGINFO


---------------  S Y S T E M  ---------------

OS:uname:Darwin 18.6.0 Darwin Kernel Version 18.6.0: Thu Apr 25 23:16:27 PDT 2019; root:xnu-4903.261.4~2/RELEASE_X86_64 x86_64
rlimit: STACK 8192k, CORE 0k, NPROC 709, NOFILE 10240, AS infinity
load average:1.49 1.62 1.73

CPU:total 4 (initial active 4) (2 cores per cpu, 2 threads per core) family 6 model 142 stepping 9, cmov, cx8, fxsr, mmx, sse, sse2, sse3, ssse3, sse4.1, sse4.2, popcnt, avx, avx2, aes, clmul, erms, 3dnowpref, lzcnt, ht, tsc, tscinvbit, bmi1, bmi2, adx, fma

Memory: 4k page, physical 8388608k(21864k free)

vm_info: Java HotSpot(TM) 64-Bit Server VM (9.0.4+11) for bsd-amd64 JRE (9.0.4+11), built on Dec 20 2017 02:08:50 by "mach5one" with gcc 4.2.1 Compatible Apple LLVM 6.1.0 (clang-602.0.49)

END.
