#
# A fatal error has been detected by the Java Runtime Environment:
#
#  SIGSEGV (0xb) at pc=0x000000010b3ef5fa, pid=23837, tid=9987
#
# JRE version: Java(TM) SE Runtime Environment (9.0+11) (build 9.0.4+11)
# Java VM: Java HotSpot(TM) 64-Bit Server VM (9.0.4+11, mixed mode, tiered, compressed oops, g1 gc, bsd-amd64)
# Problematic frame:
# V  [libjvm.dylib+0x3e25fa]  jni_GetStringUTFChars+0x95
#
# No core dump will be written. Core dumps have been disabled. To enable core dumping, try "ulimit -c unlimited" before starting Java again
#
# If you would like to submit a bug report, please visit:
#   http://bugreport.java.com/bugreport/crash.jsp
#

---------------  S U M M A R Y ------------

Command Line: -Dfile.encoding=UTF-8 org.apache.catalina.startup.Tomcat$1

Host: MacBookPro14,2 x86_64 3100 MHz, 4 cores, 8G, Darwin 18.6.0
Time: Thu Jun 13 14:25:19 2019 CST elapsed time: 0 seconds (0d 0h 0m 0s)

---------------  T H R E A D  ---------------

Current thread (0x00007fb589002800):  JavaThread "main" [_thread_in_vm, id=9987, stack(0x000070000cd36000,0x000070000ce36000)]

Stack: [0x000070000cd36000,0x000070000ce36000],  sp=0x000070000ce35d50,  free space=1023k
Native frames: (J=compiled Java code, A=aot compiled Java code, j=interpreted, Vv=VM code, C=native code)
V  [libjvm.dylib+0x3e25fa]  jni_GetStringUTFChars+0x95
C  [java+0x7613]  PostJVMInit+0xb0
C  [java+0x4d58]  JavaMain+0xaeb
C  [libsystem_pthread.dylib+0x32eb]  _pthread_body+0x7e
C  [libsystem_pthread.dylib+0x6249]  _pthread_start+0x42
C  [libsystem_pthread.dylib+0x240d]  thread_start+0xd
C  0x0000000000000000


siginfo: si_signo: 11 (SIGSEGV), si_code: 1 (SEGV_MAPERR), si_addr: 0x0000000000000000

Register to memory mapping:

RAX=0x000000010b953900: _ZN22ResourceContextFactory6_mutexE+0 in /Users/shengfan/Downloads/SE001/Eclipse.app/Contents/JAVA/Contents/Home/lib/server/libjvm.dylib at 0x000000010b00d000
RBX=0x00007fb589002800 is a thread
RCX=0x000000010b951ea0: _ZN2os16_processor_countE+0 in /Users/shengfan/Downloads/SE001/Eclipse.app/Contents/JAVA/Contents/Home/lib/server/libjvm.dylib at 0x000000010b00d000
RDX=0x0000000000000000 is an unknown value
RSP=0x000070000ce35d50 is pointing into the stack for thread: 0x00007fb589002800
RBP=0x000070000ce35de0 is pointing into the stack for thread: 0x00007fb589002800
RSI=0x0000000000000000 is an unknown value
RDI=0x00007fb589002a18 is an unknown value
R8 =0x00007fb588718770 is an unknown value
R9 =0x0000000000000000 is an unknown value
R10=0x000000010b959150: _ZN19TemplateInterpreter13_active_tableE+0x4000 in /Users/shengfan/Downloads/SE001/Eclipse.app/Contents/JAVA/Contents/Home/lib/server/libjvm.dylib at 0x000000010b00d000
R11=0x0000000000000000 is an unknown value
R12=0x00007fb589002a18 is an unknown value
R13=0x8672925c11930080 is an unknown value
R14=0x0000000000000000 is an unknown value
R15=0x0000000000000000 is an unknown value


Registers:
RAX=0x000000010b953900, RBX=0x00007fb589002800, RCX=0x000000010b951ea0, RDX=0x0000000000000000
RSP=0x000070000ce35d50, RBP=0x000070000ce35de0, RSI=0x0000000000000000, RDI=0x00007fb589002a18
R8 =0x00007fb588718770, R9 =0x0000000000000000, R10=0x000000010b959150, R11=0x0000000000000000
R12=0x00007fb589002a18, R13=0x8672925c11930080, R14=0x0000000000000000, R15=0x0000000000000000
RIP=0x000000010b3ef5fa, EFLAGS=0x0000000000010246, ERR=0x0000000000000004
  TRAPNO=0x000000000000000e

Top of Stack: (sp=0x000070000ce35d50)
0x000070000ce35d50:   000070000000000c 0000000000000000
0x000070000ce35d60:   00007fb589002800 0000000000000000
0x000070000ce35d70:   000070000ce35de0 000000010b3e343a
0x000070000ce35d80:   000070000ce35d90 00007fb589002800
0x000070000ce35d90:   0000000000000000 000000010b7229ed
0x000070000ce35da0:   0000000000000000 00007fb589002800
0x000070000ce35db0:   00007fb589002800 00007fb589002a18
0x000070000ce35dc0:   00007fb588503e48 8672925c11930080
0x000070000ce35dd0:   0000000000000000 00007fb588503e50
0x000070000ce35de0:   000070000ce35e70 000000010afe5613
0x000070000ce35df0:   000070000ce35e30 000000010b3e1ce1
0x000070000ce35e00:   000070000ce35e10 000000010b722a59
0x000070000ce35e10:   000070000ce35e30 000000010b7229ed
0x000070000ce35e20:   0000000000000000 00007fb589002a18
0x000070000ce35e30:   000070000ce35e70 000000010b3e1ce1
0x000070000ce35e40:   8672925c11930080 00007fb589002a18
0x000070000ce35e50:   00007fb588503e48 0000000000000000
0x000070000ce35e60:   00007fb588503e60 00007fb588503e50
0x000070000ce35e70:   000070000ce35f10 000000010afe2d58
0x000070000ce35e80:   0000000000000000 0000000000000000
0x000070000ce35e90:   0000000000000000 0000000000000000
0x000070000ce35ea0:   00007fb588403308 0000000000000000
0x000070000ce35eb0:   0000000000000001 00007fb5884001c0
0x000070000ce35ec0:   00007fb589002a18 000000010b9060c8
0x000070000ce35ed0:   0000000400010002 00007fb5884043c0
0x000070000ce35ee0:   0000000000000000 000070000ce36000
0x000070000ce35ef0:   0000000000000000 0000000000000000
0x000070000ce35f00:   0000000000000000 0000000000000000
0x000070000ce35f10:   000070000ce35f30 00007fff7c98f2eb
0x000070000ce35f20:   0000000000000000 000070000ce36000
0x000070000ce35f30:   000070000ce35f50 00007fff7c992249
0x000070000ce35f40:   0000000000000000 0000000000000000 

Instructions: (pc=0x000000010b3ef5fa)
0x000000010b3ef5da:   89 e7 4c 89 fe 4c 89 f2 90 0f 1f 40 00 41 f6 c7
0x000000010b3ef5ea:   01 74 0d 4c 89 ff e8 47 b6 02 00 49 89 c7 eb 03
0x000000010b3ef5fa:   4d 8b 3f 4c 89 b5 78 ff ff ff 48 8d 05 cd e3 54
0x000000010b3ef60a:   00 48 8d 0d 06 df 54 00 80 39 00 48 63 00 74 1e 


---------------  P R O C E S S  ---------------

Java Threads: ( => current thread )
  0x00007fb58880d000 JavaThread "Service Thread" daemon [_thread_blocked, id=23299, stack(0x000070000e275000,0x000070000e375000)]
  0x00007fb5888be000 JavaThread "Common-Cleaner" daemon [_thread_blocked, id=22787, stack(0x000070000e172000,0x000070000e272000)]
  0x00007fb588887000 JavaThread "Sweeper thread" daemon [_thread_blocked, id=22531, stack(0x000070000e06f000,0x000070000e16f000)]
  0x00007fb588886000 JavaThread "C1 CompilerThread2" daemon [_thread_blocked, id=43011, stack(0x000070000df6c000,0x000070000e06c000)]
  0x00007fb588885000 JavaThread "C2 CompilerThread1" daemon [_thread_blocked, id=22019, stack(0x000070000de69000,0x000070000df69000)]
  0x00007fb588884000 JavaThread "C2 CompilerThread0" daemon [_thread_blocked, id=21763, stack(0x000070000dd66000,0x000070000de66000)]
  0x00007fb588873800 JavaThread "Signal Dispatcher" daemon [_thread_blocked, id=17667, stack(0x000070000dc63000,0x000070000dd63000)]
  0x00007fb589820800 JavaThread "Finalizer" daemon [_thread_blocked, id=16643, stack(0x000070000db60000,0x000070000dc60000)]
  0x00007fb58886e800 JavaThread "Reference Handler" daemon [_thread_blocked, id=16387, stack(0x000070000da5d000,0x000070000db5d000)]
=>0x00007fb589002800 JavaThread "main" [_thread_in_vm, id=9987, stack(0x000070000cd36000,0x000070000ce36000)]

Other Threads:
  0x00007fb588865000 VMThread "VM Thread" [stack: 0x000070000d95a000,0x000070000da5a000] [id=15875]
  0x00007fb58890a000 WatcherThread [stack: 0x000070000e378000,0x000070000e478000] [id=41987]
  0x00007fb588814800 GCTaskThread "GC Thread#0" [stack: 0x000070000ce39000,0x000070000cf39000] [id=11011]
  0x00007fb58900b800 GCTaskThread "GC Thread#1" [stack: 0x000070000cf3c000,0x000070000d03c000] [id=21251]
  0x00007fb58900c000 GCTaskThread "GC Thread#2" [stack: 0x000070000d03f000,0x000070000d13f000] [id=11523]
  0x00007fb589803800 GCTaskThread "GC Thread#3" [stack: 0x000070000d142000,0x000070000d242000] [id=20995]
  0x00007fb58a01b000 ConcurrentGCThread "G1 Main Marker" [stack: 0x000070000d754000,0x000070000d854000] [id=14595]
  0x00007fb58a01c000 ConcurrentGCThread "G1 Marker#0" [stack: 0x000070000d857000,0x000070000d957000] [id=15363]
  0x00007fb58a005800 ConcurrentGCThread "G1 Refine#0" [stack: 0x000070000d54e000,0x000070000d64e000] [id=13571]
  0x00007fb58a004800 ConcurrentGCThread "G1 Refine#1" [stack: 0x000070000d44b000,0x000070000d54b000] [id=13059]
  0x00007fb58a004000 ConcurrentGCThread "G1 Refine#2" [stack: 0x000070000d348000,0x000070000d448000] [id=12547]
  0x00007fb58a003000 ConcurrentGCThread "G1 Refine#3" [stack: 0x000070000d245000,0x000070000d345000] [id=12035]
  0x00007fb58a006000 ConcurrentGCThread "G1 Young RemSet Sampling" [stack: 0x000070000d651000,0x000070000d751000] [id=14083]

Threads with active compile tasks:

VM state:not at safepoint (normal execution)

VM Mutex/Monitor currently owned by a thread: None

Heap address: 0x0000000740000000, size: 2048 MB, Compressed Oops mode: Zero based, Oop shift amount: 3
Narrow klass base: 0x0000000000000000, Narrow klass shift: 3
Compressed class space size: 1073741824 Address: 0x00000007c0000000

Heap:
 garbage-first heap   total 131072K, used 3072K [0x0000000740000000, 0x0000000740100400, 0x00000007c0000000)
  region size 1024K, 4 young (4096K), 0 survivors (0K)
 Metaspace       used 6140K, capacity 6246K, committed 6528K, reserved 1056768K
  class space    used 525K, capacity 570K, committed 640K, reserved 1048576K
Heap Regions: E=young(eden), S=young(survivor), O=old, HS=humongous(starts), HC=humongous(continues), CS=collection set, F=free, A=archive, TS=gc time stamp, AC=allocation context, TAMS=top-at-mark-start (previous, next)
|   0|0x0000000740000000, 0x0000000740000000, 0x0000000740100000|  0%| F|  |TS  0|AC  0|TAMS 0x0000000740000000, 0x0000000740000000|
|   1|0x0000000740100000, 0x0000000740100000, 0x0000000740200000|  0%| F|  |TS  0|AC  0|TAMS 0x0000000740100000, 0x0000000740100000|
|   2|0x0000000740200000, 0x0000000740200000, 0x0000000740300000|  0%| F|  |TS  0|AC  0|TAMS 0x0000000740200000, 0x0000000740200000|
|   3|0x0000000740300000, 0x0000000740300000, 0x0000000740400000|  0%| F|  |TS  0|AC  0|TAMS 0x0000000740300000, 0x0000000740300000|
|   4|0x0000000740400000, 0x0000000740400000, 0x0000000740500000|  0%| F|  |TS  0|AC  0|TAMS 0x0000000740400000, 0x0000000740400000|
|   5|0x0000000740500000, 0x0000000740500000, 0x0000000740600000|  0%| F|  |TS  0|AC  0|TAMS 0x0000000740500000, 0x0000000740500000|
|   6|0x0000000740600000, 0x0000000740600000, 0x0000000740700000|  0%| F|  |TS  0|AC  0|TAMS 0x0000000740600000, 0x0000000740600000|
|   7|0x0000000740700000, 0x0000000740700000, 0x0000000740800000|  0%| F|  |TS  0|AC  0|TAMS 0x0000000740700000, 0x0000000740700000|
|   8|0x0000000740800000, 0x0000000740800000, 0x0000000740900000|  0%| F|  |TS  0|AC  0|TAMS 0x0000000740800000, 0x0000000740800000|
|   9|0x0000000740900000, 0x0000000740900000, 0x0000000740a00000|  0%| F|  |TS  0|AC  0|TAMS 0x0000000740900000, 0x0000000740900000|
|  10|0x0000000740a00000, 0x0000000740a00000, 0x0000000740b00000|  0%| F|  |TS  0|AC  0|TAMS 0x0000000740a00000, 0x0000000740a00000|
|  11|0x0000000740b00000, 0x0000000740b00000, 0x0000000740c00000|  0%| F|  |TS  0|AC  0|TAMS 0x0000000740b00000, 0x0000000740b00000|
|  12|0x0000000740c00000, 0x0000000740c00000, 0x0000000740d00000|  0%| F|  |TS  0|AC  0|TAMS 0x0000000740c00000, 0x0000000740c00000|
|  13|0x0000000740d00000, 0x0000000740d00000, 0x0000000740e00000|  0%| F|  |TS  0|AC  0|TAMS 0x0000000740d00000, 0x0000000740d00000|
|  14|0x0000000740e00000, 0x0000000740e00000, 0x0000000740f00000|  0%| F|  |TS  0|AC  0|TAMS 0x0000000740e00000, 0x0000000740e00000|
|  15|0x0000000740f00000, 0x0000000740f00000, 0x0000000741000000|  0%| F|  |TS  0|AC  0|TAMS 0x0000000740f00000, 0x0000000740f00000|
|  16|0x0000000741000000, 0x0000000741000000, 0x0000000741100000|  0%| F|  |TS  0|AC  0|TAMS 0x0000000741000000, 0x0000000741000000|
|  17|0x0000000741100000, 0x0000000741100000, 0x0000000741200000|  0%| F|  |TS  0|AC  0|TAMS 0x0000000741100000, 0x0000000741100000|
|  18|0x0000000741200000, 0x0000000741200000, 0x0000000741300000|  0%| F|  |TS  0|AC  0|TAMS 0x0000000741200000, 0x0000000741200000|
|  19|0x0000000741300000, 0x0000000741300000, 0x0000000741400000|  0%| F|  |TS  0|AC  0|TAMS 0x0000000741300000, 0x0000000741300000|
|  20|0x0000000741400000, 0x0000000741400000, 0x0000000741500000|  0%| F|  |TS  0|AC  0|TAMS 0x0000000741400000, 0x0000000741400000|
|  21|0x0000000741500000, 0x0000000741500000, 0x0000000741600000|  0%| F|  |TS  0|AC  0|TAMS 0x0000000741500000, 0x0000000741500000|
|  22|0x0000000741600000, 0x0000000741600000, 0x0000000741700000|  0%| F|  |TS  0|AC  0|TAMS 0x0000000741600000, 0x0000000741600000|
|  23|0x0000000741700000, 0x0000000741700000, 0x0000000741800000|  0%| F|  |TS  0|AC  0|TAMS 0x0000000741700000, 0x0000000741700000|
|  24|0x0000000741800000, 0x0000000741800000, 0x0000000741900000|  0%| F|  |TS  0|AC  0|TAMS 0x0000000741800000, 0x0000000741800000|
|  25|0x0000000741900000, 0x0000000741900000, 0x0000000741a00000|  0%| F|  |TS  0|AC  0|TAMS 0x0000000741900000, 0x0000000741900000|
|  26|0x0000000741a00000, 0x0000000741a00000, 0x0000000741b00000|  0%| F|  |TS  0|AC  0|TAMS 0x0000000741a00000, 0x0000000741a00000|
|  27|0x0000000741b00000, 0x0000000741b00000, 0x0000000741c00000|  0%| F|  |TS  0|AC  0|TAMS 0x0000000741b00000, 0x0000000741b00000|
|  28|0x0000000741c00000, 0x0000000741c00000, 0x0000000741d00000|  0%| F|  |TS  0|AC  0|TAMS 0x0000000741c00000, 0x0000000741c00000|
|  29|0x0000000741d00000, 0x0000000741d00000, 0x0000000741e00000|  0%| F|  |TS  0|AC  0|TAMS 0x0000000741d00000, 0x0000000741d00000|
|  30|0x0000000741e00000, 0x0000000741e00000, 0x0000000741f00000|  0%| F|  |TS  0|AC  0|TAMS 0x0000000741e00000, 0x0000000741e00000|
|  31|0x0000000741f00000, 0x0000000741f00000, 0x0000000742000000|  0%| F|  |TS  0|AC  0|TAMS 0x0000000741f00000, 0x0000000741f00000|
|  32|0x0000000742000000, 0x0000000742000000, 0x0000000742100000|  0%| F|  |TS  0|AC  0|TAMS 0x0000000742000000, 0x0000000742000000|
|  33|0x0000000742100000, 0x0000000742100000, 0x0000000742200000|  0%| F|  |TS  0|AC  0|TAMS 0x0000000742100000, 0x0000000742100000|
|  34|0x0000000742200000, 0x0000000742200000, 0x0000000742300000|  0%| F|  |TS  0|AC  0|TAMS 0x0000000742200000, 0x0000000742200000|
|  35|0x0000000742300000, 0x0000000742300000, 0x0000000742400000|  0%| F|  |TS  0|AC  0|TAMS 0x0000000742300000, 0x0000000742300000|
|  36|0x0000000742400000, 0x0000000742400000, 0x0000000742500000|  0%| F|  |TS  0|AC  0|TAMS 0x0000000742400000, 0x0000000742400000|
|  37|0x0000000742500000, 0x0000000742500000, 0x0000000742600000|  0%| F|  |TS  0|AC  0|TAMS 0x0000000742500000, 0x0000000742500000|
|  38|0x0000000742600000, 0x0000000742600000, 0x0000000742700000|  0%| F|  |TS  0|AC  0|TAMS 0x0000000742600000, 0x0000000742600000|
|  39|0x0000000742700000, 0x0000000742700000, 0x0000000742800000|  0%| F|  |TS  0|AC  0|TAMS 0x0000000742700000, 0x0000000742700000|
|  40|0x0000000742800000, 0x0000000742800000, 0x0000000742900000|  0%| F|  |TS  0|AC  0|TAMS 0x0000000742800000, 0x0000000742800000|
|  41|0x0000000742900000, 0x0000000742900000, 0x0000000742a00000|  0%| F|  |TS  0|AC  0|TAMS 0x0000000742900000, 0x0000000742900000|
|  42|0x0000000742a00000, 0x0000000742a00000, 0x0000000742b00000|  0%| F|  |TS  0|AC  0|TAMS 0x0000000742a00000, 0x0000000742a00000|
|  43|0x0000000742b00000, 0x0000000742b00000, 0x0000000742c00000|  0%| F|  |TS  0|AC  0|TAMS 0x0000000742b00000, 0x0000000742b00000|
|  44|0x0000000742c00000, 0x0000000742c00000, 0x0000000742d00000|  0%| F|  |TS  0|AC  0|TAMS 0x0000000742c00000, 0x0000000742c00000|
|  45|0x0000000742d00000, 0x0000000742d00000, 0x0000000742e00000|  0%| F|  |TS  0|AC  0|TAMS 0x0000000742d00000, 0x0000000742d00000|
|  46|0x0000000742e00000, 0x0000000742e00000, 0x0000000742f00000|  0%| F|  |TS  0|AC  0|TAMS 0x0000000742e00000, 0x0000000742e00000|
|  47|0x0000000742f00000, 0x0000000742f00000, 0x0000000743000000|  0%| F|  |TS  0|AC  0|TAMS 0x0000000742f00000, 0x0000000742f00000|
|  48|0x0000000743000000, 0x0000000743000000, 0x0000000743100000|  0%| F|  |TS  0|AC  0|TAMS 0x0000000743000000, 0x0000000743000000|
|  49|0x0000000743100000, 0x0000000743100000, 0x0000000743200000|  0%| F|  |TS  0|AC  0|TAMS 0x0000000743100000, 0x0000000743100000|
|  50|0x0000000743200000, 0x0000000743200000, 0x0000000743300000|  0%| F|  |TS  0|AC  0|TAMS 0x0000000743200000, 0x0000000743200000|
|  51|0x0000000743300000, 0x0000000743300000, 0x0000000743400000|  0%| F|  |TS  0|AC  0|TAMS 0x0000000743300000, 0x0000000743300000|
|  52|0x0000000743400000, 0x0000000743400000, 0x0000000743500000|  0%| F|  |TS  0|AC  0|TAMS 0x0000000743400000, 0x0000000743400000|
|  53|0x0000000743500000, 0x0000000743500000, 0x0000000743600000|  0%| F|  |TS  0|AC  0|TAMS 0x0000000743500000, 0x0000000743500000|
|  54|0x0000000743600000, 0x0000000743600000, 0x0000000743700000|  0%| F|  |TS  0|AC  0|TAMS 0x0000000743600000, 0x0000000743600000|
|  55|0x0000000743700000, 0x0000000743700000, 0x0000000743800000|  0%| F|  |TS  0|AC  0|TAMS 0x0000000743700000, 0x0000000743700000|
|  56|0x0000000743800000, 0x0000000743800000, 0x0000000743900000|  0%| F|  |TS  0|AC  0|TAMS 0x0000000743800000, 0x0000000743800000|
|  57|0x0000000743900000, 0x0000000743900000, 0x0000000743a00000|  0%| F|  |TS  0|AC  0|TAMS 0x0000000743900000, 0x0000000743900000|
|  58|0x0000000743a00000, 0x0000000743a00000, 0x0000000743b00000|  0%| F|  |TS  0|AC  0|TAMS 0x0000000743a00000, 0x0000000743a00000|
|  59|0x0000000743b00000, 0x0000000743b00000, 0x0000000743c00000|  0%| F|  |TS  0|AC  0|TAMS 0x0000000743b00000, 0x0000000743b00000|
|  60|0x0000000743c00000, 0x0000000743c00000, 0x0000000743d00000|  0%| F|  |TS  0|AC  0|TAMS 0x0000000743c00000, 0x0000000743c00000|
|  61|0x0000000743d00000, 0x0000000743d00000, 0x0000000743e00000|  0%| F|  |TS  0|AC  0|TAMS 0x0000000743d00000, 0x0000000743d00000|
|  62|0x0000000743e00000, 0x0000000743e00000, 0x0000000743f00000|  0%| F|  |TS  0|AC  0|TAMS 0x0000000743e00000, 0x0000000743e00000|
|  63|0x0000000743f00000, 0x0000000743f00000, 0x0000000744000000|  0%| F|  |TS  0|AC  0|TAMS 0x0000000743f00000, 0x0000000743f00000|
|  64|0x0000000744000000, 0x0000000744000000, 0x0000000744100000|  0%| F|  |TS  0|AC  0|TAMS 0x0000000744000000, 0x0000000744000000|
|  65|0x0000000744100000, 0x0000000744100000, 0x0000000744200000|  0%| F|  |TS  0|AC  0|TAMS 0x0000000744100000, 0x0000000744100000|
|  66|0x0000000744200000, 0x0000000744200000, 0x0000000744300000|  0%| F|  |TS  0|AC  0|TAMS 0x0000000744200000, 0x0000000744200000|
|  67|0x0000000744300000, 0x0000000744300000, 0x0000000744400000|  0%| F|  |TS  0|AC  0|TAMS 0x0000000744300000, 0x0000000744300000|
|  68|0x0000000744400000, 0x0000000744400000, 0x0000000744500000|  0%| F|  |TS  0|AC  0|TAMS 0x0000000744400000, 0x0000000744400000|
|  69|0x0000000744500000, 0x0000000744500000, 0x0000000744600000|  0%| F|  |TS  0|AC  0|TAMS 0x0000000744500000, 0x0000000744500000|
|  70|0x0000000744600000, 0x0000000744600000, 0x0000000744700000|  0%| F|  |TS  0|AC  0|TAMS 0x0000000744600000, 0x0000000744600000|
|  71|0x0000000744700000, 0x0000000744700000, 0x0000000744800000|  0%| F|  |TS  0|AC  0|TAMS 0x0000000744700000, 0x0000000744700000|
|  72|0x0000000744800000, 0x0000000744800000, 0x0000000744900000|  0%| F|  |TS  0|AC  0|TAMS 0x0000000744800000, 0x0000000744800000|
|  73|0x0000000744900000, 0x0000000744900000, 0x0000000744a00000|  0%| F|  |TS  0|AC  0|TAMS 0x0000000744900000, 0x0000000744900000|
|  74|0x0000000744a00000, 0x0000000744a00000, 0x0000000744b00000|  0%| F|  |TS  0|AC  0|TAMS 0x0000000744a00000, 0x0000000744a00000|
|  75|0x0000000744b00000, 0x0000000744b00000, 0x0000000744c00000|  0%| F|  |TS  0|AC  0|TAMS 0x0000000744b00000, 0x0000000744b00000|
|  76|0x0000000744c00000, 0x0000000744c00000, 0x0000000744d00000|  0%| F|  |TS  0|AC  0|TAMS 0x0000000744c00000, 0x0000000744c00000|
|  77|0x0000000744d00000, 0x0000000744d00000, 0x0000000744e00000|  0%| F|  |TS  0|AC  0|TAMS 0x0000000744d00000, 0x0000000744d00000|
|  78|0x0000000744e00000, 0x0000000744e00000, 0x0000000744f00000|  0%| F|  |TS  0|AC  0|TAMS 0x0000000744e00000, 0x0000000744e00000|
|  79|0x0000000744f00000, 0x0000000744f00000, 0x0000000745000000|  0%| F|  |TS  0|AC  0|TAMS 0x0000000744f00000, 0x0000000744f00000|
|  80|0x0000000745000000, 0x0000000745000000, 0x0000000745100000|  0%| F|  |TS  0|AC  0|TAMS 0x0000000745000000, 0x0000000745000000|
|  81|0x0000000745100000, 0x0000000745100000, 0x0000000745200000|  0%| F|  |TS  0|AC  0|TAMS 0x0000000745100000, 0x0000000745100000|
|  82|0x0000000745200000, 0x0000000745200000, 0x0000000745300000|  0%| F|  |TS  0|AC  0|TAMS 0x0000000745200000, 0x0000000745200000|
|  83|0x0000000745300000, 0x0000000745300000, 0x0000000745400000|  0%| F|  |TS  0|AC  0|TAMS 0x0000000745300000, 0x0000000745300000|
|  84|0x0000000745400000, 0x0000000745400000, 0x0000000745500000|  0%| F|  |TS  0|AC  0|TAMS 0x0000000745400000, 0x0000000745400000|
|  85|0x0000000745500000, 0x0000000745500000, 0x0000000745600000|  0%| F|  |TS  0|AC  0|TAMS 0x0000000745500000, 0x0000000745500000|
|  86|0x0000000745600000, 0x0000000745600000, 0x0000000745700000|  0%| F|  |TS  0|AC  0|TAMS 0x0000000745600000, 0x0000000745600000|
|  87|0x0000000745700000, 0x0000000745700000, 0x0000000745800000|  0%| F|  |TS  0|AC  0|TAMS 0x0000000745700000, 0x0000000745700000|
|  88|0x0000000745800000, 0x0000000745800000, 0x0000000745900000|  0%| F|  |TS  0|AC  0|TAMS 0x0000000745800000, 0x0000000745800000|
|  89|0x0000000745900000, 0x0000000745900000, 0x0000000745a00000|  0%| F|  |TS  0|AC  0|TAMS 0x0000000745900000, 0x0000000745900000|
|  90|0x0000000745a00000, 0x0000000745a00000, 0x0000000745b00000|  0%| F|  |TS  0|AC  0|TAMS 0x0000000745a00000, 0x0000000745a00000|
|  91|0x0000000745b00000, 0x0000000745b00000, 0x0000000745c00000|  0%| F|  |TS  0|AC  0|TAMS 0x0000000745b00000, 0x0000000745b00000|
|  92|0x0000000745c00000, 0x0000000745c00000, 0x0000000745d00000|  0%| F|  |TS  0|AC  0|TAMS 0x0000000745c00000, 0x0000000745c00000|
|  93|0x0000000745d00000, 0x0000000745d00000, 0x0000000745e00000|  0%| F|  |TS  0|AC  0|TAMS 0x0000000745d00000, 0x0000000745d00000|
|  94|0x0000000745e00000, 0x0000000745e00000, 0x0000000745f00000|  0%| F|  |TS  0|AC  0|TAMS 0x0000000745e00000, 0x0000000745e00000|
|  95|0x0000000745f00000, 0x0000000745f00000, 0x0000000746000000|  0%| F|  |TS  0|AC  0|TAMS 0x0000000745f00000, 0x0000000745f00000|
|  96|0x0000000746000000, 0x0000000746000000, 0x0000000746100000|  0%| F|  |TS  0|AC  0|TAMS 0x0000000746000000, 0x0000000746000000|
|  97|0x0000000746100000, 0x0000000746100000, 0x0000000746200000|  0%| F|  |TS  0|AC  0|TAMS 0x0000000746100000, 0x0000000746100000|
|  98|0x0000000746200000, 0x0000000746200000, 0x0000000746300000|  0%| F|  |TS  0|AC  0|TAMS 0x0000000746200000, 0x0000000746200000|
|  99|0x0000000746300000, 0x0000000746300000, 0x0000000746400000|  0%| F|  |TS  0|AC  0|TAMS 0x0000000746300000, 0x0000000746300000|
| 100|0x0000000746400000, 0x0000000746400000, 0x0000000746500000|  0%| F|  |TS  0|AC  0|TAMS 0x0000000746400000, 0x0000000746400000|
| 101|0x0000000746500000, 0x0000000746500000, 0x0000000746600000|  0%| F|  |TS  0|AC  0|TAMS 0x0000000746500000, 0x0000000746500000|
| 102|0x0000000746600000, 0x0000000746600000, 0x0000000746700000|  0%| F|  |TS  0|AC  0|TAMS 0x0000000746600000, 0x0000000746600000|
| 103|0x0000000746700000, 0x0000000746700000, 0x0000000746800000|  0%| F|  |TS  0|AC  0|TAMS 0x0000000746700000, 0x0000000746700000|
| 104|0x0000000746800000, 0x0000000746800000, 0x0000000746900000|  0%| F|  |TS  0|AC  0|TAMS 0x0000000746800000, 0x0000000746800000|
| 105|0x0000000746900000, 0x0000000746900000, 0x0000000746a00000|  0%| F|  |TS  0|AC  0|TAMS 0x0000000746900000, 0x0000000746900000|
| 106|0x0000000746a00000, 0x0000000746a00000, 0x0000000746b00000|  0%| F|  |TS  0|AC  0|TAMS 0x0000000746a00000, 0x0000000746a00000|
| 107|0x0000000746b00000, 0x0000000746b00000, 0x0000000746c00000|  0%| F|  |TS  0|AC  0|TAMS 0x0000000746b00000, 0x0000000746b00000|
| 108|0x0000000746c00000, 0x0000000746c00000, 0x0000000746d00000|  0%| F|  |TS  0|AC  0|TAMS 0x0000000746c00000, 0x0000000746c00000|
| 109|0x0000000746d00000, 0x0000000746d00000, 0x0000000746e00000|  0%| F|  |TS  0|AC  0|TAMS 0x0000000746d00000, 0x0000000746d00000|
| 110|0x0000000746e00000, 0x0000000746e00000, 0x0000000746f00000|  0%| F|  |TS  0|AC  0|TAMS 0x0000000746e00000, 0x0000000746e00000|
| 111|0x0000000746f00000, 0x0000000746f00000, 0x0000000747000000|  0%| F|  |TS  0|AC  0|TAMS 0x0000000746f00000, 0x0000000746f00000|
| 112|0x0000000747000000, 0x0000000747000000, 0x0000000747100000|  0%| F|  |TS  0|AC  0|TAMS 0x0000000747000000, 0x0000000747000000|
| 113|0x0000000747100000, 0x0000000747100000, 0x0000000747200000|  0%| F|  |TS  0|AC  0|TAMS 0x0000000747100000, 0x0000000747100000|
| 114|0x0000000747200000, 0x0000000747200000, 0x0000000747300000|  0%| F|  |TS  0|AC  0|TAMS 0x0000000747200000, 0x0000000747200000|
| 115|0x0000000747300000, 0x0000000747300000, 0x0000000747400000|  0%| F|  |TS  0|AC  0|TAMS 0x0000000747300000, 0x0000000747300000|
| 116|0x0000000747400000, 0x0000000747400000, 0x0000000747500000|  0%| F|  |TS  0|AC  0|TAMS 0x0000000747400000, 0x0000000747400000|
| 117|0x0000000747500000, 0x0000000747500000, 0x0000000747600000|  0%| F|  |TS  0|AC  0|TAMS 0x0000000747500000, 0x0000000747500000|
| 118|0x0000000747600000, 0x0000000747600000, 0x0000000747700000|  0%| F|  |TS  0|AC  0|TAMS 0x0000000747600000, 0x0000000747600000|
| 119|0x0000000747700000, 0x0000000747700000, 0x0000000747800000|  0%| F|  |TS  0|AC  0|TAMS 0x0000000747700000, 0x0000000747700000|
| 120|0x0000000747800000, 0x0000000747800000, 0x0000000747900000|  0%| F|  |TS  0|AC  0|TAMS 0x0000000747800000, 0x0000000747800000|
| 121|0x0000000747900000, 0x0000000747900000, 0x0000000747a00000|  0%| F|  |TS  0|AC  0|TAMS 0x0000000747900000, 0x0000000747900000|
| 122|0x0000000747a00000, 0x0000000747a00000, 0x0000000747b00000|  0%| F|  |TS  0|AC  0|TAMS 0x0000000747a00000, 0x0000000747a00000|
| 123|0x0000000747b00000, 0x0000000747b00000, 0x0000000747c00000|  0%| F|  |TS  0|AC  0|TAMS 0x0000000747b00000, 0x0000000747b00000|
| 124|0x0000000747c00000, 0x0000000747c523d0, 0x0000000747d00000| 32%| E|  |TS  0|AC  0|TAMS 0x0000000747c00000, 0x0000000747c00000|
| 125|0x0000000747d00000, 0x0000000747e00000, 0x0000000747e00000|100%| E|CS|TS  0|AC  0|TAMS 0x0000000747d00000, 0x0000000747d00000|
| 126|0x0000000747e00000, 0x0000000747f00000, 0x0000000747f00000|100%| E|CS|TS  0|AC  0|TAMS 0x0000000747e00000, 0x0000000747e00000|
| 127|0x0000000747f00000, 0x0000000748000000, 0x0000000748000000|100%| E|CS|TS  0|AC  0|TAMS 0x0000000747f00000, 0x0000000747f00000|

Card table byte_map: [0x000000010d3d6000,0x000000010d7d6000] byte_map_base: 0x00000001099d6000

Marking Bits (Prev, Next): (CMBitMap*) 0x00007fb58a01a870, (CMBitMap*) 0x00007fb58a01a8a8
 Prev Bits: [0x000000010dbd6000, 0x000000010fbd6000)
 Next Bits: [0x000000010fbd6000, 0x0000000111bd6000)

Polling page: 0x000000010bd08000

CodeHeap 'non-profiled nmethods': size=120032Kb used=72Kb max_used=72Kb free=119959Kb
 bounds [0x0000000127f5a000, 0x00000001281ca000, 0x000000012f492000]
CodeHeap 'profiled nmethods': size=120032Kb used=326Kb max_used=326Kb free=119705Kb
 bounds [0x0000000120a22000, 0x0000000120c92000, 0x0000000127f5a000]
CodeHeap 'non-nmethods': size=5696Kb used=1175Kb max_used=1186Kb free=4520Kb
 bounds [0x0000000120492000, 0x0000000120702000, 0x0000000120a22000]
 total_blobs=659 nmethods=263 adapters=234
 compilation: enabled

Compilation events (10 events):
Event: 0.192 Thread 0x00007fb588886000  259       3       java.util.ArrayList::elementData (7 bytes)
Event: 0.192 Thread 0x00007fb588886000 nmethod 259 0x0000000120a70d90 code [0x0000000120a70f40, 0x0000000120a710d0]
Event: 0.192 Thread 0x00007fb588886000  260       3       java.util.zip.ZipFile::ensureOpen (35 bytes)
Event: 0.192 Thread 0x00007fb588886000 nmethod 260 0x0000000120a71190 code [0x0000000120a71360, 0x0000000120a716d8]
Event: 0.192 Thread 0x00007fb588886000  262       3       java.util.Objects::checkIndex (7 bytes)
Event: 0.193 Thread 0x00007fb588886000 nmethod 262 0x0000000120a71810 code [0x0000000120a71a20, 0x0000000120a720e8]
Event: 0.193 Thread 0x00007fb588886000  263       3       jdk.internal.util.Preconditions::checkIndex (18 bytes)
Event: 0.193 Thread 0x00007fb588886000 nmethod 263 0x0000000120a72310 code [0x0000000120a72520, 0x0000000120a72b88]
Event: 0.193 Thread 0x00007fb588886000  261       3       java.util.ArrayList::get (15 bytes)
Event: 0.194 Thread 0x00007fb588886000 nmethod 261 0x0000000120a72d90 code [0x0000000120a72fc0, 0x0000000120a737a8]

GC Heap History (0 events):
No events

Deoptimization events (0 events):
No events

Classes redefined (0 events):
No events

Internal exceptions (0 events):
No events

Events (10 events):
Event: 0.191 loading class javax/servlet/ServletResponse
Event: 0.191 loading class javax/servlet/ServletResponse done
Event: 0.192 loading class org/apache/catalina/Wrapper
Event: 0.192 loading class org/apache/catalina/Wrapper done
Event: 0.192 loading class java/lang/PublicMethods$Key
Event: 0.192 loading class java/lang/PublicMethods$Key done
Event: 0.192 loading class org/apache/catalina/startup/Tomcat
Event: 0.192 loading class org/apache/catalina/startup/Tomcat done
Event: 0.193 loading class java/lang/Class$EnclosingMethodInfo
Event: 0.193 loading class java/lang/Class$EnclosingMethodInfo done


Dynamic libraries:
0x00007fff5004e000 	/System/Library/Frameworks/Cocoa.framework/Versions/A/Cocoa
0x00007fff5bd66000 	/System/Library/Frameworks/Security.framework/Versions/A/Security
0x00007fff4ece3000 	/System/Library/Frameworks/ApplicationServices.framework/Versions/A/ApplicationServices
0x00007fff7be28000 	/usr/lib/libz.1.dylib
0x00007fff79782000 	/usr/lib/libSystem.B.dylib
0x00007fff50836000 	/System/Library/Frameworks/CoreFoundation.framework/Versions/A/CoreFoundation
0x00007fff52ab8000 	/System/Library/Frameworks/Foundation.framework/Versions/C/Foundation
0x00007fff7afb9000 	/usr/lib/libobjc.A.dylib
0x00007fff4dedc000 	/System/Library/Frameworks/AppKit.framework/Versions/C/AppKit
0x00007fff503c9000 	/System/Library/Frameworks/CoreData.framework/Versions/A/CoreData
0x00007fff73255000 	/System/Library/PrivateFrameworks/RemoteViewServices.framework/Versions/A/RemoteViewServices
0x00007fff774c2000 	/System/Library/PrivateFrameworks/UIFoundation.framework/Versions/A/UIFoundation
0x00007fff78ba4000 	/System/Library/PrivateFrameworks/XCTTargetBootstrap.framework/Versions/A/XCTTargetBootstrap
0x00007fff5074e000 	/System/Library/Frameworks/CoreDisplay.framework/Versions/A/CoreDisplay
0x00007fff6dfac000 	/System/Library/PrivateFrameworks/IconServices.framework/Versions/A/IconServices
0x00007fff553dc000 	/System/Library/Frameworks/Metal.framework/Versions/A/Metal
0x00007fff65527000 	/System/Library/PrivateFrameworks/DesktopServicesPriv.framework/Versions/A/DesktopServicesPriv
0x00007fff7a31c000 	/usr/lib/libenergytrace.dylib
0x00007fff759ab000 	/System/Library/PrivateFrameworks/SkyLight.framework/Versions/A/SkyLight
0x00007fff50c7c000 	/System/Library/Frameworks/CoreGraphics.framework/Versions/A/CoreGraphics
0x00007fff4cca8000 	/System/Library/Frameworks/Accelerate.framework/Versions/A/Accelerate
0x00007fff53200000 	/System/Library/Frameworks/IOSurface.framework/Versions/A/IOSurface
0x00007fff65393000 	/System/Library/PrivateFrameworks/DFRFoundation.framework/Versions/A/DFRFoundation
0x00007fff4f1c6000 	/System/Library/Frameworks/AudioToolbox.framework/Versions/A/AudioToolbox
0x00007fff4f43f000 	/System/Library/Frameworks/AudioUnit.framework/Versions/A/AudioUnit
0x00007fff65428000 	/System/Library/PrivateFrameworks/DataDetectorsCore.framework/Versions/A/DataDetectorsCore
0x00007fff4fb52000 	/System/Library/Frameworks/Carbon.framework/Versions/A/Frameworks/HIToolbox.framework/Versions/A/HIToolbox
0x00007fff7a475000 	/usr/lib/libicucore.A.dylib
0x00007fff5b2db000 	/System/Library/Frameworks/QuartzCore.framework/Versions/A/QuartzCore
0x00007fff4ff26000 	/System/Library/Frameworks/Carbon.framework/Versions/A/Frameworks/SpeechRecognition.framework/Versions/A/SpeechRecognition
0x00007fff798d6000 	/usr/lib/libauto.dylib
0x00007fff7bd1c000 	/usr/lib/libxml2.2.dylib
0x00007fff64f70000 	/System/Library/PrivateFrameworks/CoreUI.framework/Versions/A/CoreUI
0x00007fff502b4000 	/System/Library/Frameworks/CoreAudio.framework/Versions/A/CoreAudio
0x00007fff528ed000 	/System/Library/Frameworks/DiskArbitration.framework/Versions/A/DiskArbitration
0x00007fff7a723000 	/usr/lib/liblangid.dylib
0x00007fff6f3ba000 	/System/Library/PrivateFrameworks/MultitouchSupport.framework/Versions/A/MultitouchSupport
0x00007fff5316f000 	/System/Library/Frameworks/IOKit.framework/Versions/A/IOKit
0x00007fff79343000 	/usr/lib/libDiagnosticMessagesClient.dylib
0x00007fff51a8b000 	/System/Library/Frameworks/CoreServices.framework/Versions/A/CoreServices
0x00007fff71061000 	/System/Library/PrivateFrameworks/PerformanceAnalysis.framework/Versions/A/PerformanceAnalysis
0x00007fff5a4c9000 	/System/Library/Frameworks/OpenGL.framework/Versions/A/OpenGL
0x00007fff5005c000 	/System/Library/Frameworks/ColorSync.framework/Versions/A/ColorSync
0x00007fff5130d000 	/System/Library/Frameworks/CoreImage.framework/Versions/A/CoreImage
0x00007fff52464000 	/System/Library/Frameworks/CoreText.framework/Versions/A/CoreText
0x00007fff53263000 	/System/Library/Frameworks/ImageIO.framework/Versions/A/ImageIO
0x00007fff615c5000 	/System/Library/PrivateFrameworks/Backup.framework/Versions/A/Backup
0x00007fff79829000 	/usr/lib/libarchive.2.dylib
0x00007fff4f797000 	/System/Library/Frameworks/CFNetwork.framework/Versions/A/CFNetwork
0x00007fff5c4c0000 	/System/Library/Frameworks/SystemConfiguration.framework/Versions/A/SystemConfiguration
0x00007fff79274000 	/usr/lib/libCRFSuite.dylib
0x00007fff799c5000 	/usr/lib/libc++.1.dylib
0x00007fff79a19000 	/usr/lib/libc++abi.dylib
0x00007fff7c61e000 	/usr/lib/system/libcache.dylib
0x00007fff7c623000 	/usr/lib/system/libcommonCrypto.dylib
0x00007fff7c62e000 	/usr/lib/system/libcompiler_rt.dylib
0x00007fff7c636000 	/usr/lib/system/libcopyfile.dylib
0x00007fff7c640000 	/usr/lib/system/libcorecrypto.dylib
0x00007fff7c74b000 	/usr/lib/system/libdispatch.dylib
0x00007fff7c785000 	/usr/lib/system/libdyld.dylib
0x00007fff7c7b2000 	/usr/lib/system/libkeymgr.dylib
0x00007fff7c7c0000 	/usr/lib/system/liblaunch.dylib
0x00007fff7c7c1000 	/usr/lib/system/libmacho.dylib
0x00007fff7c7c7000 	/usr/lib/system/libquarantine.dylib
0x00007fff7c7ca000 	/usr/lib/system/libremovefile.dylib
0x00007fff7c7cc000 	/usr/lib/system/libsystem_asl.dylib
0x00007fff7c7e4000 	/usr/lib/system/libsystem_blocks.dylib
0x00007fff7c7e5000 	/usr/lib/system/libsystem_c.dylib
0x00007fff7c86d000 	/usr/lib/system/libsystem_configuration.dylib
0x00007fff7c871000 	/usr/lib/system/libsystem_coreservices.dylib
0x00007fff7c875000 	/usr/lib/system/libsystem_darwin.dylib
0x00007fff7c87c000 	/usr/lib/system/libsystem_dnssd.dylib
0x00007fff7c883000 	/usr/lib/system/libsystem_info.dylib
0x00007fff7c8f8000 	/usr/lib/system/libsystem_m.dylib
0x00007fff7c944000 	/usr/lib/system/libsystem_malloc.dylib
0x00007fff7c96f000 	/usr/lib/system/libsystem_networkextension.dylib
0x00007fff7c97a000 	/usr/lib/system/libsystem_notify.dylib
0x00007fff7c997000 	/usr/lib/system/libsystem_sandbox.dylib
0x00007fff7c99b000 	/usr/lib/system/libsystem_secinit.dylib
0x00007fff7c8cf000 	/usr/lib/system/libsystem_kernel.dylib
0x00007fff7c982000 	/usr/lib/system/libsystem_platform.dylib
0x00007fff7c98c000 	/usr/lib/system/libsystem_pthread.dylib
0x00007fff7c99e000 	/usr/lib/system/libsystem_symptoms.dylib
0x00007fff7c9a6000 	/usr/lib/system/libsystem_trace.dylib
0x00007fff7c9bd000 	/usr/lib/system/libunwind.dylib
0x00007fff7c9c3000 	/usr/lib/system/libxpc.dylib
0x00007fff799a6000 	/usr/lib/libbsm.0.dylib
0x00007fff7c7b3000 	/usr/lib/system/libkxld.dylib
0x00007fff609b6000 	/System/Library/PrivateFrameworks/AppleFSCompression.framework/Versions/A/AppleFSCompression
0x00007fff79642000 	/usr/lib/libOpenScriptingUtil.dylib
0x00007fff79cce000 	/usr/lib/libcoretls.dylib
0x00007fff79ce5000 	/usr/lib/libcoretls_cfhelpers.dylib
0x00007fff7b750000 	/usr/lib/libpam.2.dylib
0x00007fff7b910000 	/usr/lib/libsqlite3.dylib
0x00007fff7bd0a000 	/usr/lib/libxar.1.dylib
0x00007fff799b7000 	/usr/lib/libbz2.1.0.dylib
0x00007fff7a725000 	/usr/lib/liblzma.5.dylib
0x00007fff7abd6000 	/usr/lib/libnetwork.dylib
0x00007fff79812000 	/usr/lib/libapple_nghttp2.dylib
0x00007fff7b757000 	/usr/lib/libpcap.A.dylib
0x00007fff51e2a000 	/System/Library/Frameworks/CoreServices.framework/Versions/A/Frameworks/FSEvents.framework/Versions/A/FSEvents
0x00007fff51b09000 	/System/Library/Frameworks/CoreServices.framework/Versions/A/Frameworks/CarbonCore.framework/Versions/A/CarbonCore
0x00007fff51fe6000 	/System/Library/Frameworks/CoreServices.framework/Versions/A/Frameworks/Metadata.framework/Versions/A/Metadata
0x00007fff52085000 	/System/Library/Frameworks/CoreServices.framework/Versions/A/Frameworks/OSServices.framework/Versions/A/OSServices
0x00007fff520d0000 	/System/Library/Frameworks/CoreServices.framework/Versions/A/Frameworks/SearchKit.framework/Versions/A/SearchKit
0x00007fff51a8c000 	/System/Library/Frameworks/CoreServices.framework/Versions/A/Frameworks/AE.framework/Versions/A/AE
0x00007fff51e33000 	/System/Library/Frameworks/CoreServices.framework/Versions/A/Frameworks/LaunchServices.framework/Versions/A/LaunchServices
0x00007fff51de1000 	/System/Library/Frameworks/CoreServices.framework/Versions/A/Frameworks/DictionaryServices.framework/Versions/A/DictionaryServices
0x00007fff52138000 	/System/Library/Frameworks/CoreServices.framework/Versions/A/Frameworks/SharedFileList.framework/Versions/A/SharedFileList
0x00007fff564a4000 	/System/Library/Frameworks/NetFS.framework/Versions/A/NetFS
0x00007fff6f620000 	/System/Library/PrivateFrameworks/NetAuth.framework/Versions/A/NetAuth
0x00007fff78fa8000 	/System/Library/PrivateFrameworks/login.framework/Versions/A/Frameworks/loginsupport.framework/Versions/A/loginsupport
0x00007fff770cb000 	/System/Library/PrivateFrameworks/TCC.framework/Versions/A/TCC
0x00007fff645cd000 	/System/Library/PrivateFrameworks/CoreNLP.framework/Versions/A/CoreNLP
0x00007fff6f0b3000 	/System/Library/PrivateFrameworks/MetadataUtilities.framework/Versions/A/MetadataUtilities
0x00007fff7a7fa000 	/usr/lib/libmecabra.dylib
0x00007fff4ece4000 	/System/Library/Frameworks/ApplicationServices.framework/Versions/A/Frameworks/ATS.framework/Versions/A/ATS
0x00007fff4f033000 	/System/Library/Frameworks/ApplicationServices.framework/Versions/A/Frameworks/ColorSyncLegacy.framework/Versions/A/ColorSyncLegacy
0x00007fff4f0d2000 	/System/Library/Frameworks/ApplicationServices.framework/Versions/A/Frameworks/HIServices.framework/Versions/A/HIServices
0x00007fff4f125000 	/System/Library/Frameworks/ApplicationServices.framework/Versions/A/Frameworks/LangAnalysis.framework/Versions/A/LangAnalysis
0x00007fff4f135000 	/System/Library/Frameworks/ApplicationServices.framework/Versions/A/Frameworks/PrintCore.framework/Versions/A/PrintCore
0x00007fff4f17f000 	/System/Library/Frameworks/ApplicationServices.framework/Versions/A/Frameworks/QD.framework/Versions/A/QD
0x00007fff4f1b9000 	/System/Library/Frameworks/ApplicationServices.framework/Versions/A/Frameworks/SpeechSynthesis.framework/Versions/A/SpeechSynthesis
0x00007fff79a41000 	/usr/lib/libcompression.dylib
0x00007fff556ac000 	/System/Library/Frameworks/MetalPerformanceShaders.framework/Versions/A/MetalPerformanceShaders
0x00007fff4ccc0000 	/System/Library/Frameworks/Accelerate.framework/Versions/A/Frameworks/vImage.framework/Versions/A/vImage
0x00007fff4dd3a000 	/System/Library/Frameworks/Accelerate.framework/Versions/A/Frameworks/vecLib.framework/Versions/A/vecLib
0x00007fff4dc86000 	/System/Library/Frameworks/Accelerate.framework/Versions/A/Frameworks/vecLib.framework/Versions/A/libvMisc.dylib
0x00007fff4da9e000 	/System/Library/Frameworks/Accelerate.framework/Versions/A/Frameworks/vecLib.framework/Versions/A/libvDSP.dylib
0x00007fff4d35a000 	/System/Library/Frameworks/Accelerate.framework/Versions/A/Frameworks/vecLib.framework/Versions/A/libBLAS.dylib
0x00007fff4d647000 	/System/Library/Frameworks/Accelerate.framework/Versions/A/Frameworks/vecLib.framework/Versions/A/libLAPACK.dylib
0x00007fff4d9f1000 	/System/Library/Frameworks/Accelerate.framework/Versions/A/Frameworks/vecLib.framework/Versions/A/libLinearAlgebra.dylib
0x00007fff4da8a000 	/System/Library/Frameworks/Accelerate.framework/Versions/A/Frameworks/vecLib.framework/Versions/A/libSparseBLAS.dylib
0x00007fff4da07000 	/System/Library/Frameworks/Accelerate.framework/Versions/A/Frameworks/vecLib.framework/Versions/A/libQuadrature.dylib
0x00007fff4d5d4000 	/System/Library/Frameworks/Accelerate.framework/Versions/A/Frameworks/vecLib.framework/Versions/A/libBNNS.dylib
0x00007fff4da0d000 	/System/Library/Frameworks/Accelerate.framework/Versions/A/Frameworks/vecLib.framework/Versions/A/libSparse.dylib
0x00007fff6b90f000 	/System/Library/PrivateFrameworks/GPUWrangler.framework/Versions/A/GPUWrangler
0x00007fff6dbe1000 	/System/Library/PrivateFrameworks/IOAccelerator.framework/Versions/A/IOAccelerator
0x00007fff6dbec000 	/System/Library/PrivateFrameworks/IOPresentment.framework/Versions/A/IOPresentment
0x00007fff653a3000 	/System/Library/PrivateFrameworks/DSExternalDisplay.framework/Versions/A/DSExternalDisplay
0x00007fff59920000 	/System/Library/Frameworks/OpenGL.framework/Versions/A/Libraries/libCoreFSCache.dylib
0x00007fff554a0000 	/System/Library/Frameworks/MetalPerformanceShaders.framework/Frameworks/MPSCore.framework/Versions/A/MPSCore
0x00007fff554c0000 	/System/Library/Frameworks/MetalPerformanceShaders.framework/Frameworks/MPSImage.framework/Versions/A/MPSImage
0x00007fff55565000 	/System/Library/Frameworks/MetalPerformanceShaders.framework/Frameworks/MPSNeuralNetwork.framework/Versions/A/MPSNeuralNetwork
0x00007fff5553d000 	/System/Library/Frameworks/MetalPerformanceShaders.framework/Frameworks/MPSMatrix.framework/Versions/A/MPSMatrix
0x00007fff55691000 	/System/Library/Frameworks/MetalPerformanceShaders.framework/Frameworks/MPSRayIntersector.framework/Versions/A/MPSRayIntersector
0x00007fff6f0dc000 	/System/Library/PrivateFrameworks/MetalTools.framework/Versions/A/MetalTools
0x00007fff60263000 	/System/Library/PrivateFrameworks/AggregateDictionary.framework/Versions/A/AggregateDictionary
0x00007fff79623000 	/usr/lib/libMobileGestalt.dylib
0x00007fff525c7000 	/System/Library/Frameworks/CoreVideo.framework/Versions/A/CoreVideo
0x00007fff6c71f000 	/System/Library/PrivateFrameworks/GraphVisualizer.framework/Versions/A/GraphVisualizer
0x00007fff6659f000 	/System/Library/PrivateFrameworks/FaceCore.framework/Versions/A/FaceCore
0x00007fff58f4e000 	/System/Library/Frameworks/OpenCL.framework/Versions/A/OpenCL
0x00007fff7937b000 	/usr/lib/libFosl_dynamic.dylib
0x00007fff6fe8b000 	/System/Library/PrivateFrameworks/OTSVG.framework/Versions/A/OTSVG
0x00007fff4ede8000 	/System/Library/Frameworks/ApplicationServices.framework/Versions/A/Frameworks/ATS.framework/Versions/A/Resources/libFontParser.dylib
0x00007fff4ef00000 	/System/Library/Frameworks/ApplicationServices.framework/Versions/A/Frameworks/ATS.framework/Versions/A/Resources/libFontRegistry.dylib
0x00007fff534d1000 	/System/Library/Frameworks/ImageIO.framework/Versions/A/Resources/libJPEG.dylib
0x00007fff537e3000 	/System/Library/Frameworks/ImageIO.framework/Versions/A/Resources/libTIFF.dylib
0x00007fff537b9000 	/System/Library/Frameworks/ImageIO.framework/Versions/A/Resources/libPng.dylib
0x00007fff533ef000 	/System/Library/Frameworks/ImageIO.framework/Versions/A/Resources/libGIF.dylib
0x00007fff533f4000 	/System/Library/Frameworks/ImageIO.framework/Versions/A/Resources/libJP2.dylib
0x00007fff537e0000 	/System/Library/Frameworks/ImageIO.framework/Versions/A/Resources/libRadiance.dylib
0x00007fff60b0d000 	/System/Library/PrivateFrameworks/AppleJPEG.framework/Versions/A/AppleJPEG
0x00007fff5992b000 	/System/Library/Frameworks/OpenGL.framework/Versions/A/Libraries/libGFXShared.dylib
0x00007fff59aee000 	/System/Library/Frameworks/OpenGL.framework/Versions/A/Libraries/libGLU.dylib
0x00007fff59934000 	/System/Library/Frameworks/OpenGL.framework/Versions/A/Libraries/libGL.dylib
0x00007fff59940000 	/System/Library/Frameworks/OpenGL.framework/Versions/A/Libraries/libGLImage.dylib
0x00007fff5991d000 	/System/Library/Frameworks/OpenGL.framework/Versions/A/Libraries/libCVMSPluginSupport.dylib
0x00007fff59926000 	/System/Library/Frameworks/OpenGL.framework/Versions/A/Libraries/libCoreVMClient.dylib
0x00007fff7a192000 	/usr/lib/libcups.2.dylib
0x00007fff549a7000 	/System/Library/Frameworks/Kerberos.framework/Versions/A/Kerberos
0x00007fff52ed4000 	/System/Library/Frameworks/GSS.framework/Versions/A/GSS
0x00007fff7b8a5000 	/usr/lib/libresolv.9.dylib
0x00007fff7a384000 	/usr/lib/libiconv.2.dylib
0x00007fff6c87e000 	/System/Library/PrivateFrameworks/Heimdal.framework/Versions/A/Heimdal
0x00007fff7a354000 	/usr/lib/libheimdal-asn1.dylib
0x00007fff58fc2000 	/System/Library/Frameworks/OpenDirectory.framework/Versions/A/OpenDirectory
0x00007fff63332000 	/System/Library/PrivateFrameworks/CommonAuth.framework/Versions/A/CommonAuth
0x00007fff58fa6000 	/System/Library/Frameworks/OpenDirectory.framework/Versions/A/Frameworks/CFOpenDirectory.framework/Versions/A/CFOpenDirectory
0x00007fff5c066000 	/System/Library/Frameworks/SecurityFoundation.framework/Versions/A/SecurityFoundation
0x00007fff5f7ac000 	/System/Library/PrivateFrameworks/APFS.framework/Versions/A/APFS
0x00007fff7bd06000 	/usr/lib/libutil.dylib
0x00007fff79a2f000 	/usr/lib/libcharset.1.dylib
0x00007fff60daa000 	/System/Library/PrivateFrameworks/AppleSauce.framework/Versions/A/AppleSauce
0x00007fff60f2b000 	/System/Library/PrivateFrameworks/AssertionServices.framework/Versions/A/AssertionServices
0x00007fff6165b000 	/System/Library/PrivateFrameworks/BaseBoard.framework/Versions/A/BaseBoard
0x00007fff7a755000 	/usr/lib/libmecab.1.0.0.dylib
0x00007fff7a34e000 	/usr/lib/libgermantok.dylib
0x00007fff797ff000 	/usr/lib/libThaiTokenizer.dylib
0x00007fff792ab000 	/usr/lib/libChineseTokenizer.dylib
0x00007fff6e29a000 	/System/Library/PrivateFrameworks/LanguageModeling.framework/Versions/A/LanguageModeling
0x00007fff64013000 	/System/Library/PrivateFrameworks/CoreEmoji.framework/Versions/A/CoreEmoji
0x00007fff6e376000 	/System/Library/PrivateFrameworks/Lexicon.framework/Versions/A/Lexicon
0x00007fff6e3b9000 	/System/Library/PrivateFrameworks/LinguisticData.framework/Versions/A/LinguisticData
0x00007fff79a30000 	/usr/lib/libcmph.dylib
0x00007fff5c124000 	/System/Library/Frameworks/ServiceManagement.framework/Versions/A/ServiceManagement
0x00007fff615bc000 	/System/Library/PrivateFrameworks/BackgroundTaskManagement.framework/Versions/A/BackgroundTaskManagement
0x00007fff7bdff000 	/usr/lib/libxslt.1.dylib
0x00007fff4fe53000 	/System/Library/Frameworks/Carbon.framework/Versions/A/Frameworks/Ink.framework/Versions/A/Ink
0x00007fff7733d000 	/System/Library/PrivateFrameworks/TextureIO.framework/Versions/A/TextureIO
0x00007fff79853000 	/usr/lib/libate.dylib
0x00007fff652f2000 	/System/Library/PrivateFrameworks/CrashReporterSupport.framework/Versions/A/CrashReporterSupport
0x00007fff74a7c000 	/System/Library/PrivateFrameworks/Sharing.framework/Versions/A/Sharing
0x00007fff6130e000 	/System/Library/PrivateFrameworks/AuthKit.framework/Versions/A/AuthKit
0x00007fff60862000 	/System/Library/PrivateFrameworks/Apple80211.framework/Versions/A/Apple80211
0x00007fff6509c000 	/System/Library/PrivateFrameworks/CoreUtils.framework/Versions/A/CoreUtils
0x00007fff52607000 	/System/Library/Frameworks/CoreWLAN.framework/Versions/A/CoreWLAN
0x00007fff53003000 	/System/Library/Frameworks/IOBluetooth.framework/Versions/A/IOBluetooth
0x00007fff72f00000 	/System/Library/PrivateFrameworks/ProtocolBuffer.framework/Versions/A/ProtocolBuffer
0x00007fff6f316000 	/System/Library/PrivateFrameworks/MobileKeyBag.framework/Versions/A/MobileKeyBag
0x00007fff648e0000 	/System/Library/PrivateFrameworks/CorePhoneNumbers.framework/Versions/A/CorePhoneNumbers
0x00007fff60ac1000 	/System/Library/PrivateFrameworks/AppleIDAuthSupport.framework/Versions/A/AppleIDAuthSupport
0x00007fff6e26d000 	/System/Library/PrivateFrameworks/KeychainCircle.framework/Versions/A/KeychainCircle
0x00007fff730b6000 	/System/Library/PrivateFrameworks/ROCKit.framework/Versions/A/ROCKit
0x00007fff6528e000 	/System/Library/PrivateFrameworks/CoreWiFi.framework/Versions/A/CoreWiFi
0x00007fff5039e000 	/System/Library/Frameworks/CoreBluetooth.framework/Versions/A/CoreBluetooth
0x00007fff654e9000 	/System/Library/PrivateFrameworks/DebugSymbols.framework/Versions/A/DebugSymbols
0x00007fff64e5c000 	/System/Library/PrivateFrameworks/CoreSymbolication.framework/Versions/A/CoreSymbolication
0x00007fff76b58000 	/System/Library/PrivateFrameworks/Symbolication.framework/Versions/A/Symbolication
0x00007fff763fb000 	/System/Library/PrivateFrameworks/SpeechRecognitionCore.framework/Versions/A/SpeechRecognitionCore
0x00007fff45010000 	/System/Library/CoreServices/Encodings/libSimplifiedChineseConverter.dylib
0x000000010b00d000 	/Users/shengfan/Downloads/SE001/Eclipse.app/Contents/JAVA/Contents/Home/lib/server/libjvm.dylib
0x00007fff7bbe1000 	/usr/lib/libstdc++.6.dylib
0x000000010bcb0000 	/Users/shengfan/Downloads/SE001/Eclipse.app/Contents/JAVA/Contents/Home/lib/libverify.dylib
0x000000010bcbd000 	/Users/shengfan/Downloads/SE001/Eclipse.app/Contents/JAVA/Contents/Home/lib/libjava.dylib
0x000000010bd51000 	/Users/shengfan/Downloads/SE001/Eclipse.app/Contents/JAVA/Contents/Home/lib/libzip.dylib
0x000000010bd59000 	/Users/shengfan/Downloads/SE001/Eclipse.app/Contents/JAVA/Contents/Home/lib/libjimage.dylib
0x000000011494b000 	/Users/shengfan/Downloads/SE001/Eclipse.app/Contents/JAVA/Contents/Home/lib/libnio.dylib
0x000000011495b000 	/Users/shengfan/Downloads/SE001/Eclipse.app/Contents/JAVA/Contents/Home/lib/./libnet.dylib

VM Arguments:
jvm_args: -Dfile.encoding=UTF-8 
java_command: org.apache.catalina.startup.Tomcat$1
java_class_path (initial): /Users/shengfan/Downloads/github-eclipse-repo-master/phase-04-implementation-003-javaWeb/build/classes:/Users/shengfan/Downloads/SE001/tomcat/apache-tomcat-7.0.94/lib/el-api.jar:/Users/shengfan/Downloads/SE001/tomcat/apache-tomcat-7.0.94/lib/tomcat-i18n-es.jar:/Users/shengfan/Downloads/SE001/tomcat/apache-tomcat-7.0.94/lib/jasper.jar:/Users/shengfan/Downloads/SE001/tomcat/apache-tomcat-7.0.94/lib/jasper-el.jar:/Users/shengfan/Downloads/SE001/tomcat/apache-tomcat-7.0.94/lib/tomcat-util.jar:/Users/shengfan/Downloads/SE001/tomcat/apache-tomcat-7.0.94/lib/jsp-api.jar:/Users/shengfan/Downloads/SE001/tomcat/apache-tomcat-7.0.94/lib/catalina-tribes.jar:/Users/shengfan/Downloads/SE001/tomcat/apache-tomcat-7.0.94/lib/catalina.jar:/Users/shengfan/Downloads/SE001/tomcat/apache-tomcat-7.0.94/lib/tomcat7-websocket.jar:/Users/shengfan/Downloads/SE001/tomcat/apache-tomcat-7.0.94/lib/websocket-api.jar:/Users/shengfan/Downloads/SE001/tomcat/apache-tomcat-7.0.94/lib/tomcat-coyote.jar:/Users/shengfan/Downloads/SE001/tomcat/apache-tomcat-7.0.94/lib/catalina-ha.jar:/Users/shengfan/Downloads/SE001/tomcat/apache-tomcat-7.0.94/lib/tomcat-api.jar:/Users/shengfan/Downloads/SE001/tomcat/apache-tomcat-7.0.94/lib/ecj-4.4.2.jar:/Users/shengfan/Downloads/SE001/tomcat/apache-tomcat-7.0.94/lib/annotations-api.jar:/Users/shengfan/Downloads/SE001/tomcat/apache-tomcat-7.0.94/lib/catalina-ant.jar:/Users/shengfan/Downloads/SE001/tomcat/apache-tomcat-7.0.94/lib/servlet-api.jar:/Users/shengfan/Downloads/SE001/tomcat/apache-tomcat-7.0.94/lib/tomcat-i18n-ja.jar:/Users/shengfan/Downloads/SE001/tomcat/apache-tomcat-7.0.94/lib/tomcat-i18n-ru.jar:/Users/shengfan/Downloads/SE001/tomcat/apache-tomcat-7.0.94/lib/tomcat-jdbc.jar:/Users/shengfan/Downloads/SE001/tomcat/apache-tomcat-7.0.94/lib/tomcat-i18n-fr.jar:/Users/shengfan/Downloads/SE001/tomcat/apache-tomcat-7.0.94/lib/tomcat-dbcp.jar
Launcher Type: SUN_STANDARD

Logging:
Log output configuration:
#0: stdout all=warning uptime,level,tags
#1: stderr all=off uptime,level,tags

Environment Variables:
PATH=/usr/bin:/bin:/usr/sbin:/sbin
SHELL=/bin/bash

Signal Handlers:
SIGSEGV: [libjvm.dylib+0x73f3dc], sa_mask[0]=11111111011111110111111111111111, sa_flags=SA_ONSTACK|SA_RESTART|SA_SIGINFO
SIGBUS: [libjvm.dylib+0x73f3dc], sa_mask[0]=11111111011111110111111111111111, sa_flags=SA_RESTART|SA_SIGINFO
SIGFPE: [libjvm.dylib+0x73f3dc], sa_mask[0]=11111111011111110111111111111111, sa_flags=SA_RESTART|SA_SIGINFO
SIGPIPE: [libjvm.dylib+0x5f233c], sa_mask[0]=11111111011111110111111111111111, sa_flags=SA_RESTART|SA_SIGINFO
SIGXFSZ: [libjvm.dylib+0x5f233c], sa_mask[0]=11111111011111110111111111111111, sa_flags=SA_RESTART|SA_SIGINFO
SIGILL: [libjvm.dylib+0x73f3dc], sa_mask[0]=11111111011111110111111111111111, sa_flags=SA_RESTART|SA_SIGINFO
SIGUSR2: [libjvm.dylib+0x5f2bcc], sa_mask[0]=00100000000000000000000000000000, sa_flags=SA_RESTART|SA_SIGINFO
SIGHUP: [libjvm.dylib+0x5f1409], sa_mask[0]=11111111011111110111111111111111, sa_flags=SA_RESTART|SA_SIGINFO
SIGINT: [libjvm.dylib+0x5f1409], sa_mask[0]=11111111011111110111111111111111, sa_flags=SA_RESTART|SA_SIGINFO
SIGTERM: [libjvm.dylib+0x5f1409], sa_mask[0]=11111111011111110111111111111111, sa_flags=SA_RESTART|SA_SIGINFO
SIGQUIT: [libjvm.dylib+0x5f1409], sa_mask[0]=11111111011111110111111111111111, sa_flags=SA_RESTART|SA_SIGINFO


---------------  S Y S T E M  ---------------

OS:uname:Darwin 18.6.0 Darwin Kernel Version 18.6.0: Thu Apr 25 23:16:27 PDT 2019; root:xnu-4903.261.4~2/RELEASE_X86_64 x86_64
rlimit: STACK 8192k, CORE 0k, NPROC 709, NOFILE 10240, AS infinity
load average:1.69 1.81 1.86

CPU:total 4 (initial active 4) (2 cores per cpu, 2 threads per core) family 6 model 142 stepping 9, cmov, cx8, fxsr, mmx, sse, sse2, sse3, ssse3, sse4.1, sse4.2, popcnt, avx, avx2, aes, clmul, erms, 3dnowpref, lzcnt, ht, tsc, tscinvbit, bmi1, bmi2, adx, fma

Memory: 4k page, physical 8388608k(93204k free)

vm_info: Java HotSpot(TM) 64-Bit Server VM (9.0.4+11) for bsd-amd64 JRE (9.0.4+11), built on Dec 20 2017 02:08:50 by "mach5one" with gcc 4.2.1 Compatible Apple LLVM 6.1.0 (clang-602.0.49)

END.
